4.000000e+01 9.660357e-01
4.010000e+01 9.655968e-01
4.020000e+01 9.651505e-01
4.030000e+01 9.646970e-01
4.040000e+01 9.642356e-01
4.050000e+01 9.637665e-01
4.060000e+01 9.632891e-01
4.070000e+01 9.628034e-01
4.080000e+01 9.623097e-01
4.090000e+01 9.618081e-01
4.100000e+01 9.612977e-01
4.110000e+01 9.607782e-01
4.120000e+01 9.602496e-01
4.130000e+01 9.597115e-01
4.140000e+01 9.591637e-01
4.150000e+01 9.586066e-01
4.160000e+01 9.580394e-01
4.170000e+01 9.574618e-01
4.180000e+01 9.568733e-01
4.190000e+01 9.562722e-01
4.200000e+01 9.556639e-01
4.210000e+01 9.550437e-01
4.220000e+01 9.544108e-01
4.230000e+01 9.537652e-01
4.240000e+01 9.531050e-01
4.250000e+01 9.524327e-01
4.260000e+01 9.517406e-01
4.270000e+01 9.510081e-01
4.280000e+01 9.501503e-01
4.290000e+01 9.495037e-01
4.300000e+01 9.488613e-01
4.310000e+01 9.481327e-01
4.320000e+01 9.473725e-01
4.330000e+01 9.465941e-01
4.340000e+01 9.457868e-01
4.350000e+01 9.449289e-01
4.360000e+01 9.438773e-01
4.370000e+01 9.430060e-01
4.380000e+01 9.423688e-01
4.390000e+01 9.415398e-01
4.400000e+01 9.406842e-01
4.410000e+01 9.397811e-01
4.420000e+01 9.388521e-01
4.430000e+01 9.379007e-01
4.440000e+01 9.369274e-01
4.450000e+01 9.359316e-01
4.460000e+01 9.349103e-01
4.470000e+01 9.338597e-01
4.480000e+01 9.327485e-01
4.490000e+01 9.316071e-01
4.500000e+01 9.305995e-01
4.510000e+01 9.294866e-01
4.520000e+01 9.283337e-01
4.530000e+01 9.271505e-01
4.540000e+01 9.259397e-01
4.550000e+01 9.247010e-01
4.560000e+01 9.234332e-01
4.570000e+01 9.221354e-01
4.580000e+01 9.208067e-01
4.590000e+01 9.194460e-01
4.600000e+01 9.180524e-01
4.610000e+01 9.166248e-01
4.620000e+01 9.151636e-01
4.630000e+01 9.136673e-01
4.640000e+01 9.121329e-01
4.650000e+01 9.105600e-01
4.660000e+01 9.089469e-01
4.670000e+01 9.072924e-01
4.680000e+01 9.055971e-01
4.690000e+01 9.038572e-01
4.700000e+01 9.020720e-01
4.710000e+01 9.002394e-01
4.720000e+01 8.983578e-01
4.730000e+01 8.964256e-01
4.740000e+01 8.944409e-01
4.750000e+01 8.924017e-01
4.760000e+01 8.903060e-01
4.770000e+01 8.881515e-01
4.780000e+01 8.859359e-01
4.790000e+01 8.836569e-01
4.800000e+01 8.813120e-01
4.810000e+01 8.788984e-01
4.820000e+01 8.764132e-01
4.830000e+01 8.738534e-01
4.840000e+01 8.712153e-01
4.850000e+01 8.684970e-01
4.860000e+01 8.656947e-01
4.870000e+01 8.628032e-01
4.880000e+01 8.598183e-01
4.890000e+01 8.567372e-01
4.900000e+01 8.535560e-01
4.910000e+01 8.502689e-01
4.920000e+01 8.468689e-01
4.930000e+01 8.433507e-01
4.940000e+01 8.397062e-01
4.950000e+01 8.359361e-01
4.960000e+01 8.320342e-01
4.970000e+01 8.279808e-01
4.980000e+01 8.237687e-01
4.990000e+01 8.193695e-01
5.000000e+01 8.147131e-01
5.010000e+01 8.100783e-01
5.020000e+01 8.052406e-01
5.030000e+01 8.001267e-01
5.040000e+01 7.947525e-01
5.050000e+01 7.890799e-01
5.060000e+01 7.834086e-01
5.070000e+01 7.773270e-01
5.080000e+01 7.708970e-01
5.090000e+01 7.640551e-01
5.100000e+01 7.563176e-01
5.110000e+01 7.496536e-01
5.120000e+01 7.419766e-01
5.130000e+01 7.336555e-01
5.140000e+01 7.246084e-01
5.150000e+01 7.128917e-01
5.160000e+01 7.057773e-01
5.170000e+01 6.958172e-01
5.180000e+01 6.846607e-01
5.190000e+01 6.720544e-01
5.200000e+01 6.546236e-01
5.210000e+01 6.461764e-01
5.220000e+01 6.337572e-01
5.230000e+01 6.187630e-01
5.240000e+01 6.011467e-01
5.250000e+01 5.772396e-01
5.260000e+01 5.625420e-01
5.270000e+01 5.493077e-01
5.280000e+01 5.299141e-01
5.290000e+01 5.057110e-01
5.300000e+01 4.735536e-01
5.310000e+01 4.401499e-01
5.320000e+01 4.368019e-01
5.330000e+01 4.151228e-01
5.340000e+01 3.853790e-01
5.350000e+01 3.461442e-01
5.360000e+01 2.623550e-01
5.370000e+01 2.995039e-01
5.380000e+01 2.843603e-01
5.390000e+01 2.573353e-01
5.400000e+01 2.207392e-01
5.410000e+01 1.548913e-01
5.420000e+01 1.609657e-01
5.430000e+01 1.565579e-01
5.440000e+01 1.353583e-01
5.450000e+01 1.061920e-01
5.460000e+01 6.877040e-02
5.470000e+01 3.905106e-02
5.480000e+01 5.691429e-02
5.490000e+01 5.108221e-02
5.500000e+01 3.826647e-02
5.510000e+01 2.262495e-02
5.520000e+01 4.861575e-03
5.530000e+01 1.007432e-02
5.540000e+01 1.139507e-02
5.550000e+01 8.573041e-03
5.560000e+01 4.576017e-03
5.570000e+01 1.363960e-03
5.580000e+01 1.015830e-04
5.590000e+01 6.828714e-04
5.600000e+01 5.529283e-04
5.610000e+01 2.097487e-04
5.620000e+01 2.419608e-05
5.630000e+01 1.264610e-06
5.640000e+01 1.579597e-06
5.650000e+01 3.469061e-05
5.660000e+01 7.495219e-05
5.670000e+01 6.470086e-05
5.680000e+01 2.337561e-05
5.690000e+01 1.578588e-06
5.700000e+01 8.950171e-08
5.710000e+01 6.378279e-06
5.720000e+01 1.619891e-05
5.730000e+01 1.413734e-05
5.740000e+01 4.870684e-06
5.750000e+01 4.212282e-07
5.760000e+01 7.222354e-11
5.770000e+01 7.593654e-08
5.780000e+01 7.371741e-07
5.790000e+01 1.150344e-06
5.800000e+01 5.873400e-07
5.810000e+01 9.288654e-08
5.820000e+01 2.388471e-09
5.830000e+01 8.366718e-14
5.840000e+01 4.292663e-13
5.850000e+01 3.059510e-11
5.860000e+01 6.518997e-09
5.870000e+01 5.651141e-08
5.880000e+01 1.123638e-07
5.890000e+01 6.339212e-08
5.900000e+01 8.166442e-09
5.910000e+01 4.536911e-11
5.920000e+01 7.856792e-13
5.930000e+01 4.396904e-10
5.940000e+01 8.834392e-10
5.950000e+01 7.844081e-11
5.960000e+01 7.692061e-15
5.970000e+01 4.496815e-10
5.980000e+01 8.580876e-09
5.990000e+01 2.003022e-08
6.000000e+01 1.064112e-08
6.010000e+01 1.132331e-09
6.020000e+01 1.095571e-11
6.030000e+01 1.639236e-17
6.040000e+01 6.763895e-17
6.050000e+01 1.535236e-13
6.060000e+01 2.169691e-10
6.070000e+01 5.917133e-09
6.080000e+01 2.434037e-08
6.090000e+01 2.410028e-08
6.100000e+01 4.298547e-09
6.110000e+01 1.207584e-11
6.120000e+01 1.347900e-11
6.130000e+01 8.619880e-09
6.140000e+01 8.389184e-08
6.150000e+01 1.612701e-07
6.160000e+01 7.650309e-08
6.170000e+01 4.827938e-09
6.180000e+01 9.418762e-14
6.190000e+01 4.355519e-09
6.200000e+01 5.886221e-08
6.210000e+01 1.045294e-07
6.220000e+01 3.946805e-08
6.230000e+01 1.937366e-09
6.240000e+01 4.957329e-14
6.250000e+01 2.551335e-13
6.260000e+01 4.649187e-09
6.270000e+01 1.492771e-07
6.280000e+01 6.445922e-07
6.290000e+01 5.054740e-07
6.300000e+01 1.600289e-09
6.310000e+01 3.747846e-06
6.320000e+01 3.762824e-05
6.330000e+01 1.182046e-04
6.340000e+01 1.692975e-04
6.350000e+01 8.351564e-05
6.360000e+01 3.095338e-05
6.370000e+01 5.828826e-04
6.380000e+01 1.688870e-03
6.390000e+01 2.825419e-03
6.400000e+01 3.024352e-03
6.410000e+01 8.968652e-04
6.420000e+01 3.642649e-03
6.430000e+01 1.010156e-02
6.440000e+01 1.686560e-02
6.450000e+01 2.150944e-02
6.460000e+01 2.036595e-02
6.470000e+01 1.188021e-02
6.480000e+01 3.891015e-02
6.490000e+01 5.858362e-02
6.500000e+01 7.404479e-02
6.510000e+01 8.132073e-02
6.520000e+01 5.963561e-02
6.530000e+01 9.961926e-02
6.540000e+01 1.373199e-01
6.550000e+01 1.659980e-01
6.560000e+01 1.860564e-01
6.570000e+01 1.904632e-01
6.580000e+01 1.935680e-01
6.590000e+01 2.492125e-01
6.600000e+01 2.827798e-01
6.610000e+01 3.084658e-01
6.620000e+01 3.253239e-01
6.630000e+01 3.037295e-01
6.640000e+01 3.683138e-01
6.650000e+01 3.988479e-01
6.660000e+01 4.228876e-01
6.670000e+01 4.416839e-01
6.680000e+01 4.500241e-01
6.690000e+01 4.735394e-01
6.700000e+01 4.978847e-01
6.710000e+01 5.169446e-01
6.720000e+01 5.328334e-01
6.730000e+01 5.449284e-01
6.740000e+01 5.552280e-01
6.750000e+01 5.755310e-01
6.760000e+01 5.900501e-01
6.770000e+01 6.027704e-01
6.780000e+01 6.140133e-01
6.790000e+01 6.210844e-01
6.800000e+01 6.354984e-01
6.810000e+01 6.461079e-01
6.820000e+01 6.558035e-01
6.830000e+01 6.647427e-01
6.840000e+01 6.725154e-01
6.850000e+01 6.812260e-01
6.860000e+01 6.893855e-01
6.870000e+01 6.969600e-01
6.880000e+01 7.041074e-01
6.890000e+01 7.108355e-01
6.900000e+01 7.172971e-01
6.910000e+01 7.237338e-01
6.920000e+01 7.297989e-01
6.930000e+01 7.355986e-01
6.940000e+01 7.411510e-01
6.950000e+01 7.464136e-01
6.960000e+01 7.516814e-01
6.970000e+01 7.566771e-01
6.980000e+01 7.614892e-01
6.990000e+01 7.661292e-01
7.000000e+01 7.705916e-01
7.010000e+01 7.749491e-01
7.020000e+01 7.791511e-01
7.030000e+01 7.832163e-01
7.040000e+01 7.871515e-01
7.050000e+01 7.909628e-01
7.060000e+01 7.946630e-01
7.070000e+01 7.982530e-01
7.080000e+01 8.017365e-01
7.090000e+01 8.051179e-01
7.100000e+01 8.084016e-01
7.110000e+01 8.115915e-01
7.120000e+01 8.146932e-01
7.130000e+01 8.177058e-01
7.140000e+01 8.206253e-01
7.150000e+01 8.234800e-01
7.160000e+01 8.262720e-01
7.170000e+01 8.289828e-01
7.180000e+01 8.316196e-01
7.190000e+01 8.341873e-01
7.200000e+01 8.366890e-01
7.210000e+01 8.391272e-01
7.220000e+01 8.415037e-01
7.230000e+01 8.438205e-01
7.240000e+01 8.460757e-01
7.250000e+01 8.482726e-01
7.260000e+01 8.504315e-01
7.270000e+01 8.525340e-01
7.280000e+01 8.545959e-01
7.290000e+01 8.566023e-01
7.300000e+01 8.585606e-01
7.310000e+01 8.604734e-01
7.320000e+01 8.623423e-01
7.330000e+01 8.641687e-01
7.340000e+01 8.659538e-01
7.350000e+01 8.676986e-01
7.360000e+01 8.694037e-01
7.370000e+01 8.710739e-01
7.380000e+01 8.727035e-01
7.390000e+01 8.742824e-01
7.400000e+01 8.758605e-01
7.410000e+01 8.773983e-01
7.420000e+01 8.788973e-01
7.430000e+01 8.803653e-01
7.440000e+01 8.818017e-01
7.450000e+01 8.832080e-01
7.460000e+01 8.845852e-01
7.470000e+01 8.859330e-01
7.480000e+01 8.872550e-01
7.490000e+01 8.885508e-01
7.500000e+01 8.898186e-01
7.510000e+01 8.910573e-01
7.520000e+01 8.922800e-01
7.530000e+01 8.934747e-01
7.540000e+01 8.946460e-01
7.550000e+01 8.957929e-01
7.560000e+01 8.969118e-01
7.570000e+01 8.980064e-01
7.580000e+01 8.990547e-01
7.590000e+01 9.001042e-01
7.600000e+01 9.011536e-01
7.610000e+01 9.021331e-01
7.620000e+01 9.030180e-01
7.630000e+01 9.035877e-01
7.640000e+01 9.033182e-01
7.650000e+01 9.034237e-01
7.660000e+01 9.054063e-01
7.670000e+01 9.075235e-01
7.680000e+01 9.087136e-01
7.690000e+01 9.097002e-01
7.700000e+01 9.106140e-01
7.710000e+01 9.114877e-01
7.720000e+01 9.123299e-01
7.730000e+01 9.131369e-01
7.740000e+01 9.138797e-01
7.750000e+01 9.143883e-01
7.760000e+01 9.141716e-01
7.770000e+01 9.159298e-01
7.780000e+01 9.169938e-01
7.790000e+01 9.178158e-01
7.800000e+01 9.185754e-01
7.810000e+01 9.193085e-01
7.820000e+01 9.200212e-01
7.830000e+01 9.207160e-01
7.840000e+01 9.214012e-01
7.850000e+01 9.220680e-01
7.860000e+01 9.227304e-01
7.870000e+01 9.233744e-01
7.880000e+01 9.240031e-01
7.890000e+01 9.245875e-01
7.900000e+01 9.250806e-01
7.910000e+01 9.258154e-01
7.920000e+01 9.264392e-01
7.930000e+01 9.270290e-01
7.940000e+01 9.276037e-01
7.950000e+01 9.281669e-01
7.960000e+01 9.287197e-01
7.970000e+01 9.292631e-01
7.980000e+01 9.297975e-01
7.990000e+01 9.303236e-01
8.000000e+01 9.308417e-01
8.010000e+01 9.313522e-01
8.020000e+01 9.318522e-01
8.030000e+01 9.323598e-01
8.040000e+01 9.328578e-01
8.050000e+01 9.333503e-01
8.060000e+01 9.338380e-01
8.070000e+01 9.343176e-01
8.080000e+01 9.347654e-01
8.090000e+01 9.352555e-01
8.100000e+01 9.357570e-01
8.110000e+01 9.362298e-01
8.120000e+01 9.366878e-01
8.130000e+01 9.371258e-01
8.140000e+01 9.376104e-01
8.150000e+01 9.380694e-01
8.160000e+01 9.385149e-01
8.170000e+01 9.389509e-01
8.180000e+01 9.393814e-01
8.190000e+01 9.398062e-01
8.200000e+01 9.402268e-01
8.210000e+01 9.406387e-01
8.220000e+01 9.410439e-01
8.230000e+01 9.414426e-01
8.240000e+01 9.418351e-01
8.250000e+01 9.422215e-01
8.260000e+01 9.426014e-01
8.270000e+01 9.429759e-01
8.280000e+01 9.433461e-01
8.290000e+01 9.437099e-01
8.300000e+01 9.440681e-01
8.310000e+01 9.444203e-01
8.320000e+01 9.447664e-01
8.330000e+01 9.451116e-01
8.340000e+01 9.454502e-01
8.350000e+01 9.457836e-01
8.360000e+01 9.461112e-01
8.370000e+01 9.464327e-01
8.380000e+01 9.467520e-01
8.390000e+01 9.470688e-01
8.400000e+01 9.473819e-01
8.410000e+01 9.476886e-01
8.420000e+01 9.479902e-01
8.430000e+01 9.482900e-01
8.440000e+01 9.485848e-01
8.450000e+01 9.488754e-01
8.460000e+01 9.491620e-01
8.470000e+01 9.494446e-01
8.480000e+01 9.497224e-01
8.490000e+01 9.499982e-01
8.500000e+01 9.502701e-01
8.510000e+01 9.505358e-01
8.520000e+01 9.508007e-01
8.530000e+01 9.510642e-01
8.540000e+01 9.513219e-01
8.550000e+01 9.515764e-01
8.560000e+01 9.518280e-01
8.570000e+01 9.520763e-01
8.580000e+01 9.523210e-01
8.590000e+01 9.525624e-01
8.600000e+01 9.528006e-01
8.610000e+01 9.530356e-01
8.620000e+01 9.532674e-01
8.630000e+01 9.534958e-01
8.640000e+01 9.537213e-01
8.650000e+01 9.539438e-01
8.660000e+01 9.541613e-01
8.670000e+01 9.543700e-01
8.680000e+01 9.545900e-01
8.690000e+01 9.548046e-01
8.700000e+01 9.550137e-01
8.710000e+01 9.552193e-01
8.720000e+01 9.554220e-01
8.730000e+01 9.556221e-01
8.740000e+01 9.558196e-01
8.750000e+01 9.560148e-01
8.760000e+01 9.562077e-01
8.770000e+01 9.563979e-01
8.780000e+01 9.565883e-01
8.790000e+01 9.567763e-01
8.800000e+01 9.569629e-01
8.810000e+01 9.571490e-01
8.820000e+01 9.573332e-01
8.830000e+01 9.575155e-01
8.840000e+01 9.576954e-01
8.850000e+01 9.578700e-01
8.860000e+01 9.580466e-01
8.870000e+01 9.582266e-01
8.880000e+01 9.584015e-01
8.890000e+01 9.585730e-01
8.900000e+01 9.587420e-01
8.910000e+01 9.589086e-01
8.920000e+01 9.590724e-01
8.930000e+01 9.592346e-01
8.940000e+01 9.593951e-01
8.950000e+01 9.595530e-01
8.960000e+01 9.597087e-01
8.970000e+01 9.598622e-01
8.980000e+01 9.600133e-01
8.990000e+01 9.601611e-01
9.000000e+01 9.603018e-01
9.010000e+01 9.604521e-01
9.020000e+01 9.605943e-01
9.030000e+01 9.607218e-01
9.040000e+01 9.608723e-01
9.050000e+01 9.610172e-01
9.060000e+01 9.611535e-01
9.070000e+01 9.612811e-01
9.080000e+01 9.613954e-01
9.090000e+01 9.615399e-01
9.100000e+01 9.616683e-01
9.110000e+01 9.618027e-01
9.120000e+01 9.619342e-01
9.130000e+01 9.620618e-01
9.140000e+01 9.621872e-01
9.150000e+01 9.623094e-01
9.160000e+01 9.624294e-01
9.170000e+01 9.625475e-01
9.180000e+01 9.626640e-01
9.190000e+01 9.627783e-01
9.200000e+01 9.628911e-01
9.210000e+01 9.630019e-01
9.220000e+01 9.631111e-01
9.230000e+01 9.632185e-01
9.240000e+01 9.633255e-01
9.250000e+01 9.634325e-01
9.260000e+01 9.635359e-01
9.270000e+01 9.636368e-01
9.280000e+01 9.637354e-01
9.290000e+01 9.638314e-01
9.300000e+01 9.639240e-01
9.310000e+01 9.640119e-01
9.320000e+01 9.640930e-01
9.330000e+01 9.641624e-01
9.340000e+01 9.642244e-01
9.350000e+01 9.642595e-01
9.360000e+01 9.642160e-01
9.370000e+01 9.639174e-01
9.380000e+01 9.624231e-01
9.390000e+01 9.613272e-01
9.400000e+01 9.621974e-01
9.410000e+01 9.641768e-01
9.420000e+01 9.647047e-01
9.430000e+01 9.649356e-01
9.440000e+01 9.650775e-01
9.450000e+01 9.651827e-01
9.460000e+01 9.652917e-01
9.470000e+01 9.653789e-01
9.480000e+01 9.654626e-01
9.490000e+01 9.655461e-01
9.500000e+01 9.656213e-01
9.510000e+01 9.656915e-01
9.520000e+01 9.657567e-01
9.530000e+01 9.658159e-01
9.540000e+01 9.658653e-01
9.550000e+01 9.658993e-01
9.560000e+01 9.658947e-01
9.570000e+01 9.657380e-01
9.580000e+01 9.651369e-01
9.590000e+01 9.656930e-01
9.600000e+01 9.655903e-01
9.610000e+01 9.646787e-01
9.620000e+01 9.612398e-01
9.630000e+01 9.632820e-01
9.640000e+01 9.655118e-01
9.650000e+01 9.661501e-01
9.660000e+01 9.664167e-01
9.670000e+01 9.665674e-01
9.680000e+01 9.666695e-01
9.690000e+01 9.667496e-01
9.700000e+01 9.668306e-01
9.710000e+01 9.668971e-01
9.720000e+01 9.669563e-01
9.730000e+01 9.670101e-01
9.740000e+01 9.670561e-01
9.750000e+01 9.671034e-01
9.760000e+01 9.671542e-01
9.770000e+01 9.671966e-01
9.780000e+01 9.672277e-01
9.790000e+01 9.672234e-01
9.800000e+01 9.672911e-01
9.810000e+01 9.673601e-01
9.820000e+01 9.674054e-01
9.830000e+01 9.674405e-01
9.840000e+01 9.674779e-01
9.850000e+01 9.675136e-01
9.860000e+01 9.675412e-01
9.870000e+01 9.675717e-01
9.880000e+01 9.676024e-01
9.890000e+01 9.676270e-01
9.900000e+01 9.676455e-01
9.910000e+01 9.676369e-01
9.920000e+01 9.674831e-01
9.930000e+01 9.675309e-01
9.940000e+01 9.677098e-01
9.950000e+01 9.677604e-01
9.960000e+01 9.677860e-01
9.970000e+01 9.677961e-01
9.980000e+01 9.678127e-01
9.990000e+01 9.678357e-01
1.000000e+02 9.678521e-01
1.001000e+02 9.678610e-01
1.002000e+02 9.678616e-01
1.003000e+02 9.678626e-01
1.004000e+02 9.678453e-01
1.005000e+02 9.677792e-01
1.006000e+02 9.674762e-01
1.007000e+02 9.673364e-01
1.008000e+02 9.677197e-01
1.009000e+02 9.677616e-01
1.010000e+02 9.677904e-01
1.011000e+02 9.677647e-01
1.012000e+02 9.676938e-01
1.013000e+02 9.675787e-01
1.014000e+02 9.673439e-01
1.015000e+02 9.667911e-01
1.016000e+02 9.650831e-01
1.017000e+02 9.585504e-01
1.018000e+02 9.601182e-01
1.019000e+02 9.651620e-01
1.020000e+02 9.668020e-01
1.021000e+02 9.673000e-01
1.022000e+02 9.674960e-01
1.023000e+02 9.675977e-01
1.024000e+02 9.676469e-01
1.025000e+02 9.676658e-01
1.026000e+02 9.676685e-01
1.027000e+02 9.676610e-01
1.028000e+02 9.676468e-01
1.029000e+02 9.676237e-01
1.030000e+02 9.675908e-01
1.031000e+02 9.675330e-01
1.032000e+02 9.674887e-01
1.033000e+02 9.674559e-01
1.034000e+02 9.673705e-01
1.035000e+02 9.672278e-01
1.036000e+02 9.670895e-01
1.037000e+02 9.668458e-01
1.038000e+02 9.656487e-01
1.039000e+02 9.638634e-01
1.040000e+02 9.663033e-01
1.041000e+02 9.668426e-01
1.042000e+02 9.669556e-01
1.043000e+02 9.669532e-01
1.044000e+02 9.669243e-01
1.045000e+02 9.668944e-01
1.046000e+02 9.668458e-01
1.047000e+02 9.667892e-01
1.048000e+02 9.667253e-01
1.049000e+02 9.666559e-01
1.050000e+02 9.665816e-01
1.051000e+02 9.665010e-01
1.052000e+02 9.664069e-01
1.053000e+02 9.663313e-01
1.054000e+02 9.662502e-01
1.055000e+02 9.661618e-01
1.056000e+02 9.660689e-01
1.057000e+02 9.659716e-01
1.058000e+02 9.658704e-01
1.059000e+02 9.657652e-01
1.060000e+02 9.656557e-01
1.061000e+02 9.655434e-01
1.062000e+02 9.654261e-01
1.063000e+02 9.653061e-01
1.064000e+02 9.651805e-01
1.065000e+02 9.650496e-01
1.066000e+02 9.649060e-01
1.067000e+02 9.647760e-01
1.068000e+02 9.646379e-01
1.069000e+02 9.644913e-01
1.070000e+02 9.643390e-01
1.071000e+02 9.641811e-01
1.072000e+02 9.640158e-01
1.073000e+02 9.638458e-01
1.074000e+02 9.636676e-01
1.075000e+02 9.634951e-01
1.076000e+02 9.633113e-01
1.077000e+02 9.631194e-01
1.078000e+02 9.629186e-01
1.079000e+02 9.627022e-01
1.080000e+02 9.624753e-01
1.081000e+02 9.622773e-01
1.082000e+02 9.620570e-01
1.083000e+02 9.618247e-01
1.084000e+02 9.615822e-01
1.085000e+02 9.613307e-01
1.086000e+02 9.610694e-01
1.087000e+02 9.607976e-01
1.088000e+02 9.605142e-01
1.089000e+02 9.602175e-01
1.090000e+02 9.599042e-01
1.091000e+02 9.595678e-01
1.092000e+02 9.591924e-01
1.093000e+02 9.587303e-01
1.094000e+02 9.580048e-01
1.095000e+02 9.558556e-01
1.096000e+02 9.547656e-01
1.097000e+02 9.567474e-01
1.098000e+02 9.568405e-01
1.099000e+02 9.565712e-01
1.100000e+02 9.561913e-01
1.101000e+02 9.557512e-01
1.102000e+02 9.552587e-01
1.103000e+02 9.547009e-01
1.104000e+02 9.540508e-01
1.105000e+02 9.532243e-01
1.106000e+02 9.519061e-01
1.107000e+02 9.488137e-01
1.108000e+02 9.381463e-01
1.109000e+02 9.415388e-01
1.110000e+02 9.480902e-01
1.111000e+02 9.492493e-01
1.112000e+02 9.492580e-01
1.113000e+02 9.488657e-01
1.114000e+02 9.483063e-01
1.115000e+02 9.476536e-01
1.116000e+02 9.469378e-01
1.117000e+02 9.461669e-01
1.118000e+02 9.453475e-01
1.119000e+02 9.444969e-01
1.120000e+02 9.435957e-01
1.121000e+02 9.426480e-01
1.122000e+02 9.416531e-01
1.123000e+02 9.406091e-01
1.124000e+02 9.395129e-01
1.125000e+02 9.383598e-01
1.126000e+02 9.371395e-01
1.127000e+02 9.358499e-01
1.128000e+02 9.344022e-01
1.129000e+02 9.330319e-01
1.130000e+02 9.316648e-01
1.131000e+02 9.301445e-01
1.132000e+02 9.285290e-01
1.133000e+02 9.268145e-01
1.134000e+02 9.249888e-01
1.135000e+02 9.230819e-01
1.136000e+02 9.210829e-01
1.137000e+02 9.189533e-01
1.138000e+02 9.166937e-01
1.139000e+02 9.142912e-01
1.140000e+02 9.117155e-01
1.141000e+02 9.090474e-01
1.142000e+02 9.061824e-01
1.143000e+02 9.031218e-01
1.144000e+02 8.998848e-01
1.145000e+02 8.964200e-01
1.146000e+02 8.926953e-01
1.147000e+02 8.886693e-01
1.148000e+02 8.842332e-01
1.149000e+02 8.788635e-01
1.150000e+02 8.728174e-01
1.151000e+02 8.692890e-01
1.152000e+02 8.641250e-01
1.153000e+02 8.581963e-01
1.154000e+02 8.517024e-01
1.155000e+02 8.446456e-01
1.156000e+02 8.369848e-01
1.157000e+02 8.286609e-01
1.158000e+02 8.196052e-01
1.159000e+02 8.097448e-01
1.160000e+02 7.989786e-01
1.161000e+02 7.872009e-01
1.162000e+02 7.742948e-01
1.163000e+02 7.601558e-01
1.164000e+02 7.446004e-01
1.165000e+02 7.274658e-01
1.166000e+02 7.085641e-01
1.167000e+02 6.876830e-01
1.168000e+02 6.645918e-01
1.169000e+02 6.390317e-01
1.170000e+02 6.107292e-01
1.171000e+02 5.793994e-01
1.172000e+02 5.447703e-01
1.173000e+02 5.066101e-01
1.174000e+02 4.647097e-01
1.175000e+02 4.190203e-01
1.176000e+02 3.696959e-01
1.177000e+02 3.172132e-01
1.178000e+02 2.625135e-01
1.179000e+02 2.071505e-01
1.180000e+02 1.533936e-01
1.181000e+02 1.041684e-01
1.182000e+02 6.270076e-02
1.183000e+02 3.171456e-02
1.184000e+02 1.238285e-02
1.185000e+02 3.181913e-03
1.186000e+02 3.655081e-04
1.187000e+02 2.641991e-06
1.188000e+02 2.462723e-06
1.189000e+02 3.560740e-04
1.190000e+02 3.116985e-03
1.191000e+02 1.217467e-02
1.192000e+02 3.114763e-02
1.193000e+02 6.143348e-02
1.194000e+02 1.021753e-01
1.195000e+02 1.505282e-01
1.196000e+02 2.033716e-01
1.197000e+02 2.578536e-01
1.198000e+02 3.117485e-01
1.199000e+02 3.635156e-01
1.200000e+02 4.122819e-01
1.201000e+02 4.575138e-01
1.202000e+02 4.990475e-01
1.203000e+02 5.369469e-01
1.204000e+02 5.713875e-01
1.205000e+02 6.025860e-01
1.206000e+02 6.308155e-01
1.207000e+02 6.563508e-01
1.208000e+02 6.794540e-01
1.209000e+02 7.003782e-01
1.210000e+02 7.193541e-01
1.211000e+02 7.365833e-01
1.212000e+02 7.522485e-01
1.213000e+02 7.665214e-01
1.214000e+02 7.795507e-01
1.215000e+02 7.914582e-01
1.216000e+02 8.023550e-01
1.217000e+02 8.123594e-01
1.218000e+02 8.215706e-01
1.219000e+02 8.300384e-01
1.220000e+02 8.378634e-01
1.221000e+02 8.450874e-01
1.222000e+02 8.517706e-01
1.223000e+02 8.579645e-01
1.224000e+02 8.637138e-01
1.225000e+02 8.690574e-01
1.226000e+02 8.740288e-01
1.227000e+02 8.786605e-01
1.228000e+02 8.829861e-01
1.229000e+02 8.870180e-01
1.230000e+02 8.907670e-01
1.231000e+02 8.942157e-01
1.232000e+02 8.972061e-01
1.233000e+02 8.992971e-01
1.234000e+02 9.022801e-01
1.235000e+02 9.060248e-01
1.236000e+02 9.086973e-01
1.237000e+02 9.109288e-01
1.238000e+02 9.126245e-01
1.239000e+02 9.130435e-01
1.240000e+02 9.081552e-01
1.241000e+02 8.968273e-01
1.242000e+02 9.149019e-01
1.243000e+02 9.214668e-01
1.244000e+02 9.245280e-01
1.245000e+02 9.266757e-01
1.246000e+02 9.284574e-01
1.247000e+02 9.300316e-01
1.248000e+02 9.314526e-01
1.249000e+02 9.327268e-01
1.250000e+02 9.338212e-01
1.251000e+02 9.346083e-01
1.252000e+02 9.345475e-01
1.253000e+02 9.308134e-01
1.254000e+02 9.203835e-01
1.255000e+02 9.341116e-01
1.256000e+02 9.390327e-01
1.257000e+02 9.410395e-01
1.258000e+02 9.423559e-01
1.259000e+02 9.434199e-01
1.260000e+02 9.443561e-01
1.261000e+02 9.452077e-01
1.262000e+02 9.459952e-01
1.263000e+02 9.466549e-01
1.264000e+02 9.472417e-01
1.265000e+02 9.481491e-01
1.266000e+02 9.488711e-01
1.267000e+02 9.495268e-01
1.268000e+02 9.501471e-01
1.269000e+02 9.507391e-01
1.270000e+02 9.513063e-01
1.271000e+02 9.518549e-01
1.272000e+02 9.523790e-01
1.273000e+02 9.528762e-01
1.274000e+02 9.533384e-01
1.275000e+02 9.538005e-01
1.276000e+02 9.542662e-01
1.277000e+02 9.546578e-01
1.278000e+02 9.550758e-01
1.279000e+02 9.554083e-01
1.280000e+02 9.554973e-01
1.281000e+02 9.549340e-01
1.282000e+02 9.554345e-01
1.283000e+02 9.535506e-01
1.284000e+02 9.559336e-01
1.285000e+02 9.573386e-01
1.286000e+02 9.579433e-01
1.287000e+02 9.583646e-01
1.288000e+02 9.587242e-01
1.289000e+02 9.590528e-01
1.290000e+02 9.593612e-01
1.291000e+02 9.596586e-01
1.292000e+02 9.599417e-01
1.293000e+02 9.602139e-01
1.294000e+02 9.604751e-01
1.295000e+02 9.607234e-01
1.296000e+02 9.609749e-01
1.297000e+02 9.612154e-01
1.298000e+02 9.614406e-01
1.299000e+02 9.616726e-01
1.300000e+02 9.618946e-01
1.301000e+02 9.621074e-01
1.302000e+02 9.623125e-01
1.303000e+02 9.625131e-01
1.304000e+02 9.627066e-01
1.305000e+02 9.628923e-01
1.306000e+02 9.630683e-01
1.307000e+02 9.632273e-01
1.308000e+02 9.633372e-01
1.309000e+02 9.631829e-01
1.310000e+02 9.632721e-01
1.311000e+02 9.638200e-01
1.312000e+02 9.640524e-01
1.313000e+02 9.642280e-01
1.314000e+02 9.643847e-01
1.315000e+02 9.645274e-01
1.316000e+02 9.646757e-01
1.317000e+02 9.648150e-01
1.318000e+02 9.649440e-01
1.319000e+02 9.650700e-01
1.320000e+02 9.651896e-01
1.321000e+02 9.653051e-01
1.322000e+02 9.653851e-01
1.323000e+02 9.653175e-01
1.324000e+02 9.649996e-01
1.325000e+02 9.656317e-01
1.326000e+02 9.658550e-01
1.327000e+02 9.659907e-01
1.328000e+02 9.661020e-01
1.329000e+02 9.661949e-01
1.330000e+02 9.662267e-01
1.331000e+02 9.663184e-01
1.332000e+02 9.664810e-01
1.333000e+02 9.665913e-01
1.334000e+02 9.666851e-01
1.335000e+02 9.667715e-01
1.336000e+02 9.668558e-01
1.337000e+02 9.669392e-01
1.338000e+02 9.670169e-01
1.339000e+02 9.670848e-01
1.340000e+02 9.671287e-01
1.341000e+02 9.672296e-01
1.342000e+02 9.673118e-01
1.343000e+02 9.673811e-01
1.344000e+02 9.674379e-01
1.345000e+02 9.674716e-01
1.346000e+02 9.675685e-01
1.347000e+02 9.676419e-01
1.348000e+02 9.677050e-01
1.349000e+02 9.677636e-01
1.350000e+02 9.678222e-01
1.351000e+02 9.678781e-01
1.352000e+02 9.679318e-01
1.353000e+02 9.679833e-01
1.354000e+02 9.680326e-01
1.355000e+02 9.680798e-01
1.356000e+02 9.681252e-01
1.357000e+02 9.681657e-01
1.358000e+02 9.682033e-01
1.359000e+02 9.682413e-01
1.360000e+02 9.682669e-01
1.361000e+02 9.682578e-01
1.362000e+02 9.682679e-01
1.363000e+02 9.682055e-01
1.364000e+02 9.682344e-01
1.365000e+02 9.682807e-01
1.366000e+02 9.681876e-01
1.367000e+02 9.677788e-01
1.368000e+02 9.657369e-01
1.369000e+02 9.647087e-01
1.370000e+02 9.676386e-01
1.371000e+02 9.682667e-01
1.372000e+02 9.684808e-01
1.373000e+02 9.685787e-01
1.374000e+02 9.686316e-01
1.375000e+02 9.686666e-01
1.376000e+02 9.687026e-01
1.377000e+02 9.687262e-01
1.378000e+02 9.687440e-01
1.379000e+02 9.687575e-01
1.380000e+02 9.687633e-01
1.381000e+02 9.687501e-01
1.382000e+02 9.687750e-01
1.383000e+02 9.688060e-01
1.384000e+02 9.688262e-01
1.385000e+02 9.688424e-01
1.386000e+02 9.688535e-01
1.387000e+02 9.688410e-01
1.388000e+02 9.688379e-01
1.389000e+02 9.689038e-01
1.390000e+02 9.689225e-01
1.391000e+02 9.689227e-01
1.392000e+02 9.689963e-01
1.393000e+02 9.690330e-01
1.394000e+02 9.690588e-01
1.395000e+02 9.690790e-01
1.396000e+02 9.690899e-01
1.397000e+02 9.690889e-01
1.398000e+02 9.690104e-01
1.399000e+02 9.690109e-01
1.400000e+02 9.690059e-01
1.401000e+02 9.691365e-01
1.402000e+02 9.691747e-01
1.403000e+02 9.691840e-01
1.404000e+02 9.691977e-01
1.405000e+02 9.691944e-01
1.406000e+02 9.691653e-01
1.407000e+02 9.690153e-01
1.408000e+02 9.688662e-01
1.409000e+02 9.691161e-01
1.410000e+02 9.691479e-01
1.411000e+02 9.691360e-01
1.412000e+02 9.691040e-01
1.413000e+02 9.690558e-01
1.414000e+02 9.689890e-01
1.415000e+02 9.688860e-01
1.416000e+02 9.687243e-01
1.417000e+02 9.684572e-01
1.418000e+02 9.679728e-01
1.419000e+02 9.669223e-01
1.420000e+02 9.640007e-01
1.421000e+02 9.522985e-01
1.422000e+02 9.372758e-01
1.423000e+02 9.599352e-01
1.424000e+02 9.657030e-01
1.425000e+02 9.673924e-01
1.426000e+02 9.680658e-01
1.427000e+02 9.683855e-01
1.428000e+02 9.685524e-01
1.429000e+02 9.686422e-01
1.430000e+02 9.686886e-01
1.431000e+02 9.687097e-01
1.432000e+02 9.687157e-01
1.433000e+02 9.687123e-01
1.434000e+02 9.687038e-01
1.435000e+02 9.686928e-01
1.436000e+02 9.686812e-01
1.437000e+02 9.686691e-01
1.438000e+02 9.686454e-01
1.439000e+02 9.685831e-01
1.440000e+02 9.686266e-01
1.441000e+02 9.686529e-01
1.442000e+02 9.686480e-01
1.443000e+02 9.686248e-01
1.444000e+02 9.685712e-01
1.445000e+02 9.684609e-01
1.446000e+02 9.682113e-01
1.447000e+02 9.675467e-01
1.448000e+02 9.651236e-01
1.449000e+02 9.560801e-01
1.450000e+02 9.630208e-01
1.451000e+02 9.671341e-01
1.452000e+02 9.681399e-01
1.453000e+02 9.685053e-01
1.454000e+02 9.686673e-01
1.455000e+02 9.687657e-01
1.456000e+02 9.688274e-01
1.457000e+02 9.688628e-01
1.458000e+02 9.688831e-01
1.459000e+02 9.688900e-01
1.460000e+02 9.688676e-01
1.461000e+02 9.688558e-01
1.462000e+02 9.688969e-01
1.463000e+02 9.689013e-01
1.464000e+02 9.688974e-01
1.465000e+02 9.688950e-01
1.466000e+02 9.688870e-01
1.467000e+02 9.688757e-01
1.468000e+02 9.688618e-01
1.469000e+02 9.688460e-01
1.470000e+02 9.688372e-01
1.471000e+02 9.688227e-01
1.472000e+02 9.688059e-01
1.473000e+02 9.687871e-01
1.474000e+02 9.687656e-01
1.475000e+02 9.687451e-01
1.476000e+02 9.687188e-01
1.477000e+02 9.686967e-01
1.478000e+02 9.686707e-01
1.479000e+02 9.686388e-01
1.480000e+02 9.685971e-01
1.481000e+02 9.685392e-01
1.482000e+02 9.684940e-01
1.483000e+02 9.684177e-01
1.484000e+02 9.682788e-01
1.485000e+02 9.679816e-01
1.486000e+02 9.670970e-01
1.487000e+02 9.632295e-01
1.488000e+02 9.638494e-01
1.489000e+02 9.671630e-01
1.490000e+02 9.678908e-01
1.491000e+02 9.681117e-01
1.492000e+02 9.681917e-01
1.493000e+02 9.682173e-01
1.494000e+02 9.682111e-01
1.495000e+02 9.682009e-01
1.496000e+02 9.681913e-01
1.497000e+02 9.681712e-01
1.498000e+02 9.681391e-01
1.499000e+02 9.681070e-01
1.500000e+02 9.680479e-01
1.501000e+02 9.680047e-01
1.502000e+02 9.680079e-01
1.503000e+02 9.679775e-01
1.504000e+02 9.679519e-01
1.505000e+02 9.679202e-01
1.506000e+02 9.678838e-01
1.507000e+02 9.678457e-01
1.508000e+02 9.678063e-01
1.509000e+02 9.677659e-01
1.510000e+02 9.677245e-01
1.511000e+02 9.676822e-01
1.512000e+02 9.676422e-01
1.513000e+02 9.676014e-01
1.514000e+02 9.675611e-01
1.515000e+02 9.675216e-01
1.516000e+02 9.674830e-01
1.517000e+02 9.674461e-01
1.518000e+02 9.674095e-01
1.519000e+02 9.673700e-01
1.520000e+02 9.673172e-01
1.521000e+02 9.673035e-01
1.522000e+02 9.672741e-01
1.523000e+02 9.672408e-01
1.524000e+02 9.672058e-01
1.525000e+02 9.671683e-01
1.526000e+02 9.671321e-01
1.527000e+02 9.670937e-01
1.528000e+02 9.670522e-01
1.529000e+02 9.670071e-01
1.530000e+02 9.669560e-01
1.531000e+02 9.669003e-01
1.532000e+02 9.668429e-01
1.533000e+02 9.667744e-01
1.534000e+02 9.666780e-01
1.535000e+02 9.665320e-01
1.536000e+02 9.662433e-01
1.537000e+02 9.652446e-01
1.538000e+02 9.651100e-01
1.539000e+02 9.629982e-01
1.540000e+02 9.588831e-01
1.541000e+02 9.610967e-01
1.542000e+02 9.648834e-01
1.543000e+02 9.657455e-01
1.544000e+02 9.660317e-01
1.545000e+02 9.661297e-01
1.546000e+02 9.661582e-01
1.547000e+02 9.661546e-01
1.548000e+02 9.661340e-01
1.549000e+02 9.661034e-01
1.550000e+02 9.660663e-01
1.551000e+02 9.660247e-01
1.552000e+02 9.659796e-01
1.553000e+02 9.659318e-01
1.554000e+02 9.658813e-01
1.555000e+02 9.658280e-01
1.556000e+02 9.657710e-01
1.557000e+02 9.657076e-01
1.558000e+02 9.656293e-01
1.559000e+02 9.655061e-01
1.560000e+02 9.652523e-01
1.561000e+02 9.643566e-01
1.562000e+02 9.650748e-01
1.563000e+02 9.652781e-01
1.564000e+02 9.652621e-01
1.565000e+02 9.651687e-01
1.566000e+02 9.651726e-01
1.567000e+02 9.651325e-01
1.568000e+02 9.650887e-01
1.569000e+02 9.650325e-01
1.570000e+02 9.649667e-01
1.571000e+02 9.649049e-01
1.572000e+02 9.648173e-01
1.573000e+02 9.647173e-01
1.574000e+02 9.647059e-01
1.575000e+02 9.646550e-01
1.576000e+02 9.645943e-01
1.577000e+02 9.645294e-01
1.578000e+02 9.644626e-01
1.579000e+02 9.643945e-01
1.580000e+02 9.643250e-01
1.581000e+02 9.642539e-01
1.582000e+02 9.641798e-01
1.583000e+02 9.641013e-01
1.584000e+02 9.640101e-01
1.585000e+02 9.638581e-01
1.586000e+02 9.638220e-01
1.587000e+02 9.637986e-01
1.588000e+02 9.637310e-01
1.589000e+02 9.636606e-01
1.590000e+02 9.635829e-01
1.591000e+02 9.634971e-01
1.592000e+02 9.634071e-01
1.593000e+02 9.633316e-01
1.594000e+02 9.632610e-01
1.595000e+02 9.631567e-01
1.596000e+02 9.630868e-01
1.597000e+02 9.630201e-01
1.598000e+02 9.629366e-01
1.599000e+02 9.628388e-01
1.600000e+02 9.627540e-01
1.601000e+02 9.626756e-01
1.602000e+02 9.625889e-01
1.603000e+02 9.625044e-01
1.604000e+02 9.624079e-01
1.605000e+02 9.623212e-01
1.606000e+02 9.622354e-01
1.607000e+02 9.621451e-01
1.608000e+02 9.620520e-01
1.609000e+02 9.619559e-01
1.610000e+02 9.618547e-01
1.611000e+02 9.617428e-01
1.612000e+02 9.616552e-01
1.613000e+02 9.615536e-01
1.614000e+02 9.614656e-01
1.615000e+02 9.613672e-01
1.616000e+02 9.612652e-01
1.617000e+02 9.611612e-01
1.618000e+02 9.610548e-01
1.619000e+02 9.609464e-01
1.620000e+02 9.608399e-01
1.621000e+02 9.607300e-01
1.622000e+02 9.606175e-01
1.623000e+02 9.605008e-01
1.624000e+02 9.603891e-01
1.625000e+02 9.602737e-01
1.626000e+02 9.601553e-01
1.627000e+02 9.600362e-01
1.628000e+02 9.599139e-01
1.629000e+02 9.597887e-01
1.630000e+02 9.596598e-01
1.631000e+02 9.595206e-01
1.632000e+02 9.593420e-01
1.633000e+02 9.592004e-01
1.634000e+02 9.591213e-01
1.635000e+02 9.589951e-01
1.636000e+02 9.588551e-01
1.637000e+02 9.587126e-01
1.638000e+02 9.585649e-01
1.639000e+02 9.584096e-01
1.640000e+02 9.582461e-01
1.641000e+02 9.580746e-01
1.642000e+02 9.578885e-01
1.643000e+02 9.576815e-01
1.644000e+02 9.574403e-01
1.645000e+02 9.571356e-01
1.646000e+02 9.566895e-01
1.647000e+02 9.558330e-01
1.648000e+02 9.538223e-01
1.649000e+02 9.467814e-01
1.650000e+02 9.461895e-01
1.651000e+02 9.532178e-01
1.652000e+02 9.546443e-01
1.653000e+02 9.547602e-01
1.654000e+02 9.542964e-01
1.655000e+02 9.530632e-01
1.656000e+02 9.497073e-01
1.657000e+02 9.366271e-01
1.658000e+02 9.121850e-01
1.659000e+02 9.423774e-01
1.660000e+02 9.504572e-01
1.661000e+02 9.525770e-01
1.662000e+02 9.532228e-01
1.663000e+02 9.536064e-01
1.664000e+02 9.537125e-01
1.665000e+02 9.536451e-01
1.666000e+02 9.534500e-01
1.667000e+02 9.534387e-01
1.668000e+02 9.533056e-01
1.669000e+02 9.531329e-01
1.670000e+02 9.529344e-01
1.671000e+02 9.527085e-01
1.672000e+02 9.524500e-01
1.673000e+02 9.521148e-01
1.674000e+02 9.515565e-01
1.675000e+02 9.499310e-01
1.676000e+02 9.483115e-01
1.677000e+02 9.504982e-01
1.678000e+02 9.508675e-01
1.679000e+02 9.508079e-01
1.680000e+02 9.506364e-01
1.681000e+02 9.504183e-01
1.682000e+02 9.501790e-01
1.683000e+02 9.499244e-01
1.684000e+02 9.496586e-01
1.685000e+02 9.493821e-01
1.686000e+02 9.490936e-01
1.687000e+02 9.487910e-01
1.688000e+02 9.484466e-01
1.689000e+02 9.479213e-01
1.690000e+02 9.474519e-01
1.691000e+02 9.474788e-01
1.692000e+02 9.472493e-01
1.693000e+02 9.469516e-01
1.694000e+02 9.466328e-01
1.695000e+02 9.462968e-01
1.696000e+02 9.459431e-01
1.697000e+02 9.455866e-01
1.698000e+02 9.451871e-01
1.699000e+02 9.448107e-01
1.700000e+02 9.444391e-01
1.701000e+02 9.441122e-01
1.702000e+02 9.437278e-01
1.703000e+02 9.432898e-01
1.704000e+02 9.429318e-01
1.705000e+02 9.425272e-01
1.706000e+02 9.421046e-01
1.707000e+02 9.416698e-01
1.708000e+02 9.412230e-01
1.709000e+02 9.407619e-01
1.710000e+02 9.402769e-01
1.711000e+02 9.397693e-01
1.712000e+02 9.392364e-01
1.713000e+02 9.386058e-01
1.714000e+02 9.375060e-01
1.715000e+02 9.375239e-01
1.716000e+02 9.371979e-01
1.717000e+02 9.367089e-01
1.718000e+02 9.361694e-01
1.719000e+02 9.356050e-01
1.720000e+02 9.350219e-01
1.721000e+02 9.344219e-01
1.722000e+02 9.338027e-01
1.723000e+02 9.331688e-01
1.724000e+02 9.325238e-01
1.725000e+02 9.318573e-01
1.726000e+02 9.311710e-01
1.727000e+02 9.304622e-01
1.728000e+02 9.297237e-01
1.729000e+02 9.289830e-01
1.730000e+02 9.282079e-01
1.731000e+02 9.273889e-01
1.732000e+02 9.264976e-01
1.733000e+02 9.254253e-01
1.734000e+02 9.237809e-01
1.735000e+02 9.214142e-01
1.736000e+02 9.223815e-01
1.737000e+02 9.220254e-01
1.738000e+02 9.212408e-01
1.739000e+02 9.203296e-01
1.740000e+02 9.193549e-01
1.741000e+02 9.183344e-01
1.742000e+02 9.172689e-01
1.743000e+02 9.161744e-01
1.744000e+02 9.150377e-01
1.745000e+02 9.138477e-01
1.746000e+02 9.126272e-01
1.747000e+02 9.113580e-01
1.748000e+02 9.100162e-01
1.749000e+02 9.085654e-01
1.750000e+02 9.068759e-01
1.751000e+02 9.042309e-01
1.752000e+02 8.998768e-01
1.753000e+02 9.006022e-01
1.754000e+02 8.955727e-01
1.755000e+02 8.949627e-01
1.756000e+02 8.969242e-01
1.757000e+02 8.959931e-01
1.758000e+02 8.944716e-01
1.759000e+02 8.927347e-01
1.760000e+02 8.908789e-01
1.761000e+02 8.889214e-01
1.762000e+02 8.868667e-01
1.763000e+02 8.847171e-01
1.764000e+02 8.824097e-01
1.765000e+02 8.801791e-01
1.766000e+02 8.778099e-01
1.767000e+02 8.753167e-01
1.768000e+02 8.727057e-01
1.769000e+02 8.700019e-01
1.770000e+02 8.671849e-01
1.771000e+02 8.642590e-01
1.772000e+02 8.612059e-01
1.773000e+02 8.580167e-01
1.774000e+02 8.546846e-01
1.775000e+02 8.512173e-01
1.776000e+02 8.475950e-01
1.777000e+02 8.438080e-01
1.778000e+02 8.398476e-01
1.779000e+02 8.357054e-01
1.780000e+02 8.313844e-01
1.781000e+02 8.268600e-01
1.782000e+02 8.221178e-01
1.783000e+02 8.171455e-01
1.784000e+02 8.119214e-01
1.785000e+02 8.063765e-01
1.786000e+02 8.005041e-01
1.787000e+02 7.946741e-01
1.788000e+02 7.884219e-01
1.789000e+02 7.818149e-01
1.790000e+02 7.748564e-01
1.791000e+02 7.675359e-01
1.792000e+02 7.598343e-01
1.793000e+02 7.517303e-01
1.794000e+02 7.432001e-01
1.795000e+02 7.342179e-01
1.796000e+02 7.247575e-01
1.797000e+02 7.147891e-01
1.798000e+02 7.042750e-01
1.799000e+02 6.931351e-01
1.800000e+02 6.811870e-01
1.801000e+02 6.692309e-01
1.802000e+02 6.564036e-01
1.803000e+02 6.428318e-01
1.804000e+02 6.285374e-01
1.805000e+02 6.135073e-01
1.806000e+02 5.977178e-01
1.807000e+02 5.811534e-01
1.808000e+02 5.637982e-01
1.809000e+02 5.456425e-01
1.810000e+02 5.266809e-01
1.811000e+02 5.069612e-01
1.812000e+02 4.864925e-01
1.813000e+02 4.653046e-01
1.814000e+02 4.434631e-01
1.815000e+02 4.210662e-01
1.816000e+02 3.982132e-01
1.817000e+02 3.750347e-01
1.818000e+02 3.516936e-01
1.819000e+02 3.283751e-01
1.820000e+02 3.052865e-01
1.821000e+02 2.826347e-01
1.822000e+02 2.606794e-01
1.823000e+02 2.398605e-01
1.824000e+02 2.201939e-01
1.825000e+02 2.019924e-01
1.826000e+02 1.854763e-01
1.827000e+02 1.708468e-01
1.828000e+02 1.582683e-01
1.829000e+02 1.478709e-01
1.830000e+02 1.397544e-01
1.831000e+02 1.339919e-01
1.832000e+02 1.306336e-01
1.833000e+02 1.297081e-01
1.834000e+02 1.312222e-01
1.835000e+02 1.351596e-01
1.836000e+02 1.414803e-01
1.837000e+02 1.501173e-01
1.838000e+02 1.609667e-01
1.839000e+02 1.739268e-01
1.840000e+02 1.888140e-01
1.841000e+02 2.053652e-01
1.842000e+02 2.229645e-01
1.843000e+02 2.391948e-01
1.844000e+02 2.542174e-01
1.845000e+02 2.833614e-01
1.846000e+02 3.073456e-01
1.847000e+02 3.287957e-01
1.848000e+02 3.518077e-01
1.849000e+02 3.768235e-01
1.850000e+02 4.000272e-01
1.851000e+02 4.225492e-01
1.852000e+02 4.444973e-01
1.853000e+02 4.657933e-01
1.854000e+02 4.864038e-01
1.855000e+02 5.059494e-01
1.856000e+02 5.250116e-01
1.857000e+02 5.439824e-01
1.858000e+02 5.617462e-01
1.859000e+02 5.786653e-01
1.860000e+02 5.947937e-01
1.861000e+02 6.101606e-01
1.862000e+02 6.247896e-01
1.863000e+02 6.387031e-01
1.864000e+02 6.519216e-01
1.865000e+02 6.644904e-01
1.866000e+02 6.764587e-01
1.867000e+02 6.878092e-01
1.868000e+02 6.985824e-01
1.869000e+02 7.088031e-01
1.870000e+02 7.184708e-01
1.871000e+02 7.274283e-01
1.872000e+02 7.362972e-01
1.873000e+02 7.448257e-01
1.874000e+02 7.527929e-01
1.875000e+02 7.603341e-01
1.876000e+02 7.674712e-01
1.877000e+02 7.742905e-01
1.878000e+02 7.807072e-01
1.879000e+02 7.866551e-01
1.880000e+02 7.928304e-01
1.881000e+02 7.985042e-01
1.882000e+02 8.038730e-01
1.883000e+02 8.089827e-01
1.884000e+02 8.138585e-01
1.885000e+02 8.185234e-01
1.886000e+02 8.229712e-01
1.887000e+02 8.272158e-01
1.888000e+02 8.312515e-01
1.889000e+02 8.350576e-01
1.890000e+02 8.388395e-01
1.891000e+02 8.424328e-01
1.892000e+02 8.458616e-01
1.893000e+02 8.491289e-01
1.894000e+02 8.522796e-01
1.895000e+02 8.552944e-01
1.896000e+02 8.581834e-01
1.897000e+02 8.609507e-01
1.898000e+02 8.636162e-01
1.899000e+02 8.661769e-01
1.900000e+02 8.686354e-01
1.901000e+02 8.709978e-01
1.902000e+02 8.732680e-01
1.903000e+02 8.754465e-01
1.904000e+02 8.775224e-01
1.905000e+02 8.794050e-01
1.906000e+02 8.811754e-01
1.907000e+02 8.833553e-01
1.908000e+02 8.852308e-01
1.909000e+02 8.869997e-01
1.910000e+02 8.886965e-01
1.911000e+02 8.903301e-01
1.912000e+02 8.919078e-01
1.913000e+02 8.934297e-01
1.914000e+02 8.948986e-01
1.915000e+02 8.963166e-01
1.916000e+02 8.976838e-01
1.917000e+02 8.989922e-01
1.918000e+02 9.002133e-01
1.919000e+02 9.015060e-01
1.920000e+02 9.027244e-01
1.921000e+02 9.038853e-01
1.922000e+02 9.049837e-01
1.923000e+02 9.060501e-01
1.924000e+02 9.071345e-01
1.925000e+02 9.081553e-01
1.926000e+02 9.091270e-01
1.927000e+02 9.100500e-01
1.928000e+02 9.109511e-01
1.929000e+02 9.117737e-01
1.930000e+02 9.125039e-01
1.931000e+02 9.130171e-01
1.932000e+02 9.128229e-01
1.933000e+02 9.088214e-01
1.934000e+02 9.093788e-01
1.935000e+02 9.151078e-01
1.936000e+02 9.169044e-01
1.937000e+02 9.179522e-01
1.938000e+02 9.187838e-01
1.939000e+02 9.195221e-01
1.940000e+02 9.202064e-01
1.941000e+02 9.208517e-01
1.942000e+02 9.214640e-01
1.943000e+02 9.220437e-01
1.944000e+02 9.225970e-01
1.945000e+02 9.231153e-01
1.946000e+02 9.235918e-01
1.947000e+02 9.240150e-01
1.948000e+02 9.243611e-01
1.949000e+02 9.245825e-01
1.950000e+02 9.245726e-01
1.951000e+02 9.240548e-01
1.952000e+02 9.221374e-01
1.953000e+02 9.148040e-01
1.954000e+02 8.819082e-01
1.955000e+02 8.988378e-01
1.956000e+02 9.177185e-01
1.957000e+02 9.158208e-01
1.958000e+02 9.226754e-01
1.959000e+02 9.273167e-01
1.960000e+02 9.289548e-01
1.961000e+02 9.298698e-01
1.962000e+02 9.305216e-01
1.963000e+02 9.310575e-01
1.964000e+02 9.315040e-01
1.965000e+02 9.319523e-01
1.966000e+02 9.323534e-01
1.967000e+02 9.327242e-01
1.968000e+02 9.330719e-01
1.969000e+02 9.334047e-01
1.970000e+02 9.337322e-01
1.971000e+02 9.340372e-01
1.972000e+02 9.343384e-01
1.973000e+02 9.346294e-01
1.974000e+02 9.348966e-01
1.975000e+02 9.350908e-01
1.976000e+02 9.353288e-01
1.977000e+02 9.356517e-01
1.978000e+02 9.359382e-01
1.979000e+02 9.361725e-01
1.980000e+02 9.363439e-01
1.981000e+02 9.366408e-01
1.982000e+02 9.368878e-01
1.983000e+02 9.371097e-01
1.984000e+02 9.373197e-01
1.985000e+02 9.375198e-01
1.986000e+02 9.377118e-01
1.987000e+02 9.378931e-01
1.988000e+02 9.380595e-01
1.989000e+02 9.382027e-01
1.990000e+02 9.382989e-01
1.991000e+02 9.382608e-01
1.992000e+02 9.377004e-01
1.993000e+02 9.366126e-01
1.994000e+02 9.344129e-01
1.995000e+02 9.380560e-01
1.996000e+02 9.389778e-01
1.997000e+02 9.393618e-01
1.998000e+02 9.395885e-01
1.999000e+02 9.397602e-01
2.000000e+02 9.399047e-01
2.001000e+02 9.400390e-01
2.002000e+02 9.401596e-01
2.003000e+02 9.402701e-01
2.004000e+02 9.403717e-01
2.005000e+02 9.404656e-01
2.006000e+02 9.405516e-01
2.007000e+02 9.406296e-01
2.008000e+02 9.406995e-01
2.009000e+02 9.407609e-01
2.010000e+02 9.408136e-01
2.011000e+02 9.408569e-01
2.012000e+02 9.408893e-01
2.013000e+02 9.409061e-01
2.014000e+02 9.408911e-01
2.015000e+02 9.408870e-01
2.016000e+02 9.409185e-01
2.017000e+02 9.409099e-01
2.018000e+02 9.408829e-01
2.019000e+02 9.408420e-01
2.020000e+02 9.407878e-01
2.021000e+02 9.407211e-01
2.022000e+02 9.406360e-01
2.023000e+02 9.405527e-01
2.024000e+02 9.404602e-01
2.025000e+02 9.403568e-01
2.026000e+02 9.402462e-01
2.027000e+02 9.401390e-01
2.028000e+02 9.400331e-01
2.029000e+02 9.399418e-01
2.030000e+02 9.398631e-01
2.031000e+02 9.397974e-01
2.032000e+02 9.397371e-01
2.033000e+02 9.396442e-01
2.034000e+02 9.391467e-01
2.035000e+02 9.391517e-01
2.036000e+02 9.399280e-01
2.037000e+02 9.402224e-01
2.038000e+02 9.404518e-01
2.039000e+02 9.406855e-01
2.040000e+02 9.409255e-01
2.041000e+02 9.411950e-01
2.042000e+02 9.414548e-01
2.043000e+02 9.417086e-01
2.044000e+02 9.419565e-01
2.045000e+02 9.421964e-01
2.046000e+02 9.424264e-01
2.047000e+02 9.426445e-01
2.048000e+02 9.428462e-01
2.049000e+02 9.430353e-01
2.050000e+02 9.432189e-01
2.051000e+02 9.433685e-01
2.052000e+02 9.434271e-01
2.053000e+02 9.436534e-01
2.054000e+02 9.438257e-01
2.055000e+02 9.439353e-01
2.056000e+02 9.440370e-01
2.057000e+02 9.441179e-01
2.058000e+02 9.441349e-01
2.059000e+02 9.439930e-01
2.060000e+02 9.432313e-01
2.061000e+02 9.391142e-01
2.062000e+02 9.414925e-01
2.063000e+02 9.439313e-01
2.064000e+02 9.444972e-01
2.065000e+02 9.446270e-01
2.066000e+02 9.448950e-01
2.067000e+02 9.450338e-01
2.068000e+02 9.451238e-01
2.069000e+02 9.451947e-01
2.070000e+02 9.452542e-01
2.071000e+02 9.453050e-01
2.072000e+02 9.453467e-01
2.073000e+02 9.453741e-01
2.074000e+02 9.453459e-01
2.075000e+02 9.452125e-01
2.076000e+02 9.454307e-01
2.077000e+02 9.454801e-01
2.078000e+02 9.454850e-01
2.079000e+02 9.454595e-01
2.080000e+02 9.453926e-01
2.081000e+02 9.452574e-01
2.082000e+02 9.449899e-01
2.083000e+02 9.444299e-01
2.084000e+02 9.430750e-01
2.085000e+02 9.387849e-01
2.086000e+02 9.207508e-01
2.087000e+02 9.244793e-01
2.088000e+02 9.397918e-01
2.089000e+02 9.434718e-01
2.090000e+02 9.447219e-01
2.091000e+02 9.452791e-01
2.092000e+02 9.455762e-01
2.093000e+02 9.457345e-01
2.094000e+02 9.457704e-01
2.095000e+02 9.455779e-01
2.096000e+02 9.458056e-01
2.097000e+02 9.460022e-01
2.098000e+02 9.460593e-01
2.099000e+02 9.460700e-01
2.100000e+02 9.460385e-01
2.101000e+02 9.459179e-01
2.102000e+02 9.455358e-01
2.103000e+02 9.453363e-01
2.104000e+02 9.434687e-01
2.105000e+02 9.444148e-01
2.106000e+02 9.443712e-01
2.107000e+02 9.412072e-01
2.108000e+02 9.331821e-01
2.109000e+02 9.417614e-01
2.110000e+02 9.448405e-01
2.111000e+02 9.456796e-01
2.112000e+02 9.460134e-01
2.113000e+02 9.461973e-01
2.114000e+02 9.462987e-01
2.115000e+02 9.463627e-01
2.116000e+02 9.464062e-01
2.117000e+02 9.464373e-01
2.118000e+02 9.464601e-01
2.119000e+02 9.464770e-01
2.120000e+02 9.464884e-01
2.121000e+02 9.464942e-01
2.122000e+02 9.465054e-01
2.123000e+02 9.465108e-01
2.124000e+02 9.465126e-01
2.125000e+02 9.465102e-01
2.126000e+02 9.464959e-01
2.127000e+02 9.464816e-01
2.128000e+02 9.464537e-01
2.129000e+02 9.464301e-01
2.130000e+02 9.464817e-01
2.131000e+02 9.464885e-01
2.132000e+02 9.464839e-01
2.133000e+02 9.464747e-01
2.134000e+02 9.464637e-01
2.135000e+02 9.464515e-01
2.136000e+02 9.464355e-01
2.137000e+02 9.464159e-01
2.138000e+02 9.463921e-01
2.139000e+02 9.463627e-01
2.140000e+02 9.463256e-01
2.141000e+02 9.462773e-01
2.142000e+02 9.462119e-01
2.143000e+02 9.461186e-01
2.144000e+02 9.459766e-01
2.145000e+02 9.457403e-01
2.146000e+02 9.452959e-01
2.147000e+02 9.442939e-01
2.148000e+02 9.412519e-01
2.149000e+02 9.275365e-01
2.150000e+02 9.252589e-01
2.151000e+02 9.407041e-01
2.152000e+02 9.440706e-01
2.153000e+02 9.451410e-01
2.154000e+02 9.455834e-01
2.155000e+02 9.457825e-01
2.156000e+02 9.459245e-01
2.157000e+02 9.459936e-01
2.158000e+02 9.460265e-01
2.159000e+02 9.460085e-01
2.160000e+02 9.458757e-01
2.161000e+02 9.459050e-01
2.162000e+02 9.460307e-01
2.163000e+02 9.460582e-01
2.164000e+02 9.460536e-01
2.165000e+02 9.460603e-01
2.166000e+02 9.460532e-01
2.167000e+02 9.460400e-01
2.168000e+02 9.460184e-01
2.169000e+02 9.459887e-01
2.170000e+02 9.459893e-01
2.171000e+02 9.459741e-01
2.172000e+02 9.459521e-01
2.173000e+02 9.459229e-01
2.174000e+02 9.458708e-01
2.175000e+02 9.457345e-01
2.176000e+02 9.458171e-01
2.177000e+02 9.458291e-01
2.178000e+02 9.458030e-01
2.179000e+02 9.457528e-01
2.180000e+02 9.456247e-01
2.181000e+02 9.450697e-01
2.182000e+02 9.454494e-01
2.183000e+02 9.456386e-01
2.184000e+02 9.456630e-01
2.185000e+02 9.456536e-01
2.186000e+02 9.456308e-01
2.187000e+02 9.456104e-01
2.188000e+02 9.455879e-01
2.189000e+02 9.455599e-01
2.190000e+02 9.455225e-01
2.191000e+02 9.454495e-01
2.192000e+02 9.454074e-01
2.193000e+02 9.452856e-01
2.194000e+02 9.453453e-01
2.195000e+02 9.453757e-01
2.196000e+02 9.453589e-01
2.197000e+02 9.453288e-01
2.198000e+02 9.452828e-01
2.199000e+02 9.451741e-01
2.200000e+02 9.451447e-01
2.201000e+02 9.451902e-01
2.202000e+02 9.451772e-01
2.203000e+02 9.451499e-01
2.204000e+02 9.451173e-01
2.205000e+02 9.450794e-01
2.206000e+02 9.450262e-01
2.207000e+02 9.449110e-01
2.208000e+02 9.449259e-01
2.209000e+02 9.449330e-01
2.210000e+02 9.449049e-01
2.211000e+02 9.448669e-01
2.212000e+02 9.448155e-01
2.213000e+02 9.447208e-01
2.214000e+02 9.447207e-01
2.215000e+02 9.447082e-01
2.216000e+02 9.446741e-01
2.217000e+02 9.446362e-01
2.218000e+02 9.445947e-01
2.219000e+02 9.445512e-01
2.220000e+02 9.445061e-01
2.221000e+02 9.444591e-01
2.222000e+02 9.444092e-01
2.223000e+02 9.443517e-01
2.224000e+02 9.442616e-01
2.225000e+02 9.442313e-01
2.226000e+02 9.442007e-01
2.227000e+02 9.441501e-01
2.228000e+02 9.440935e-01
2.229000e+02 9.440322e-01
2.230000e+02 9.439613e-01
2.231000e+02 9.438807e-01
2.232000e+02 9.437693e-01
2.233000e+02 9.436748e-01
2.234000e+02 9.436511e-01
2.235000e+02 9.436094e-01
2.236000e+02 9.435393e-01
2.237000e+02 9.434515e-01
2.238000e+02 9.433330e-01
2.239000e+02 9.431240e-01
2.240000e+02 9.431493e-01
2.241000e+02 9.430747e-01
2.242000e+02 9.429734e-01
2.243000e+02 9.428593e-01
2.244000e+02 9.427346e-01
2.245000e+02 9.425965e-01
2.246000e+02 9.424321e-01
2.247000e+02 9.421738e-01
2.248000e+02 9.417526e-01
2.249000e+02 9.416494e-01
2.250000e+02 9.417280e-01
2.251000e+02 9.416418e-01
2.252000e+02 9.415026e-01
2.253000e+02 9.413522e-01
2.254000e+02 9.411793e-01
2.255000e+02 9.409861e-01
2.256000e+02 9.407563e-01
2.257000e+02 9.404268e-01
2.258000e+02 9.398130e-01
2.259000e+02 9.382879e-01
2.260000e+02 9.319512e-01
2.261000e+02 9.306791e-01
2.262000e+02 9.381729e-01
2.263000e+02 9.398185e-01
2.264000e+02 9.403747e-01
2.265000e+02 9.406498e-01
2.266000e+02 9.408243e-01
2.267000e+02 9.409525e-01
2.268000e+02 9.410488e-01
2.269000e+02 9.411309e-01
2.270000e+02 9.412240e-01
2.271000e+02 9.412946e-01
2.272000e+02 9.413528e-01
2.273000e+02 9.414005e-01
2.274000e+02 9.414397e-01
2.275000e+02 9.414727e-01
2.276000e+02 9.414972e-01
2.277000e+02 9.415081e-01
2.278000e+02 9.415126e-01
2.279000e+02 9.415190e-01
2.280000e+02 9.415224e-01
2.281000e+02 9.415207e-01
2.282000e+02 9.415078e-01
2.283000e+02 9.414821e-01
2.284000e+02 9.414643e-01
2.285000e+02 9.414365e-01
2.286000e+02 9.414004e-01
2.287000e+02 9.413566e-01
2.288000e+02 9.413035e-01
2.289000e+02 9.412401e-01
2.290000e+02 9.411541e-01
2.291000e+02 9.410416e-01
2.292000e+02 9.408987e-01
2.293000e+02 9.406189e-01
2.294000e+02 9.399147e-01
2.295000e+02 9.370080e-01
2.296000e+02 9.329494e-01
2.297000e+02 9.388312e-01
2.298000e+02 9.400076e-01
2.299000e+02 9.402658e-01
2.300000e+02 9.402778e-01
2.301000e+02 9.402269e-01
2.302000e+02 9.401601e-01
2.303000e+02 9.400263e-01
2.304000e+02 9.398625e-01
2.305000e+02 9.396590e-01
2.306000e+02 9.393844e-01
2.307000e+02 9.390053e-01
2.308000e+02 9.384401e-01
2.309000e+02 9.374908e-01
2.310000e+02 9.355856e-01
2.311000e+02 9.305501e-01
2.312000e+02 9.104724e-01
2.313000e+02 8.774592e-01
2.314000e+02 9.215001e-01
2.315000e+02 9.322876e-01
2.316000e+02 9.351802e-01
2.317000e+02 9.361570e-01
2.318000e+02 9.364523e-01
2.319000e+02 9.364071e-01
2.320000e+02 9.361279e-01
2.321000e+02 9.359068e-01
2.322000e+02 9.355026e-01
2.323000e+02 9.349663e-01
2.324000e+02 9.342906e-01
2.325000e+02 9.333872e-01
2.326000e+02 9.325059e-01
2.327000e+02 9.313249e-01
2.328000e+02 9.300626e-01
2.329000e+02 9.284421e-01
2.330000e+02 9.263307e-01
2.331000e+02 9.239071e-01
2.332000e+02 9.207139e-01
2.333000e+02 9.165332e-01
2.334000e+02 9.111943e-01
2.335000e+02 9.041929e-01
2.336000e+02 8.944915e-01
2.337000e+02 8.805730e-01
2.338000e+02 8.587634e-01
2.339000e+02 8.095045e-01
2.340000e+02 8.161271e-01
2.341000e+02 8.605590e-01
2.342000e+02 8.813440e-01
2.343000e+02 8.946598e-01
2.344000e+02 9.040093e-01
2.345000e+02 9.108342e-01
2.346000e+02 9.159469e-01
2.347000e+02 9.198715e-01
2.348000e+02 9.228497e-01
2.349000e+02 9.251041e-01
2.350000e+02 9.267547e-01
2.351000e+02 9.278770e-01
2.352000e+02 9.287168e-01
2.353000e+02 9.288170e-01
2.354000e+02 9.277095e-01
2.355000e+02 9.234183e-01
2.356000e+02 9.058558e-01
2.357000e+02 8.432706e-01
2.358000e+02 8.989740e-01
2.359000e+02 9.227934e-01
2.360000e+02 9.295846e-01
2.361000e+02 9.321465e-01
2.362000e+02 9.334324e-01
2.363000e+02 9.340779e-01
2.364000e+02 9.344181e-01
2.365000e+02 9.344842e-01
2.366000e+02 9.341578e-01
2.367000e+02 9.336930e-01
2.368000e+02 9.323611e-01
2.369000e+02 9.289770e-01
2.370000e+02 9.182362e-01
2.371000e+02 8.705615e-01
2.372000e+02 8.788118e-01
2.373000e+02 9.202567e-01
2.374000e+02 9.298485e-01
2.375000e+02 9.329931e-01
2.376000e+02 9.342731e-01
2.377000e+02 9.350900e-01
2.378000e+02 9.354955e-01
2.379000e+02 9.356945e-01
2.380000e+02 9.357623e-01
2.381000e+02 9.357195e-01
2.382000e+02 9.355159e-01
2.383000e+02 9.348777e-01
2.384000e+02 9.322199e-01
2.385000e+02 9.332033e-01
2.386000e+02 9.338604e-01
2.387000e+02 9.328872e-01
2.388000e+02 9.308750e-01
2.389000e+02 9.250820e-01
2.390000e+02 9.024742e-01
2.391000e+02 8.449009e-01
2.392000e+02 9.072434e-01
2.393000e+02 9.250735e-01
2.394000e+02 9.295499e-01
2.395000e+02 9.309907e-01
2.396000e+02 9.312585e-01
2.397000e+02 9.321782e-01
2.398000e+02 9.319408e-01
2.399000e+02 9.315246e-01
2.400000e+02 9.315929e-01
2.401000e+02 9.321987e-01
2.402000e+02 9.322647e-01
2.403000e+02 9.322171e-01
2.404000e+02 9.329143e-01
2.405000e+02 9.331664e-01
2.406000e+02 9.333774e-01
2.407000e+02 9.333972e-01
2.408000e+02 9.334169e-01
2.409000e+02 9.330777e-01
2.410000e+02 9.333035e-01
2.411000e+02 9.329745e-01
2.412000e+02 9.317306e-01
2.413000e+02 9.318606e-01
2.414000e+02 9.327012e-01
2.415000e+02 9.327210e-01
2.416000e+02 9.326204e-01
2.417000e+02 9.323422e-01
2.418000e+02 9.318537e-01
2.419000e+02 9.309851e-01
2.420000e+02 9.292156e-01
2.421000e+02 9.248159e-01
2.422000e+02 9.096225e-01
2.423000e+02 8.520413e-01
2.424000e+02 8.941187e-01
2.425000e+02 9.212766e-01
2.426000e+02 9.280029e-01
2.427000e+02 9.303736e-01
2.428000e+02 9.313477e-01
2.429000e+02 9.316048e-01
2.430000e+02 9.312481e-01
2.431000e+02 9.302735e-01
2.432000e+02 9.276304e-01
2.433000e+02 9.187064e-01
2.434000e+02 8.790501e-01
2.435000e+02 8.762370e-01
2.436000e+02 9.183903e-01
2.437000e+02 9.277188e-01
2.438000e+02 9.305492e-01
2.439000e+02 9.313631e-01
2.440000e+02 9.305004e-01
2.441000e+02 9.243626e-01
2.442000e+02 9.230312e-01
2.443000e+02 9.308256e-01
2.444000e+02 9.326753e-01
2.445000e+02 9.334698e-01
2.446000e+02 9.337900e-01
2.447000e+02 9.339698e-01
2.448000e+02 9.340603e-01
2.449000e+02 9.340984e-01
2.450000e+02 9.341156e-01
2.451000e+02 9.341609e-01
2.452000e+02 9.341830e-01
2.453000e+02 9.341792e-01
2.454000e+02 9.341627e-01
2.455000e+02 9.341292e-01
2.456000e+02 9.340915e-01
2.457000e+02 9.340189e-01
2.458000e+02 9.338364e-01
2.459000e+02 9.339539e-01
2.460000e+02 9.339442e-01
2.461000e+02 9.338938e-01
2.462000e+02 9.338135e-01
2.463000e+02 9.336760e-01
2.464000e+02 9.334055e-01
2.465000e+02 9.324711e-01
2.466000e+02 9.330682e-01
2.467000e+02 9.333832e-01
2.468000e+02 9.333910e-01
2.469000e+02 9.333194e-01
2.470000e+02 9.332016e-01
2.471000e+02 9.330276e-01
2.472000e+02 9.328495e-01
2.473000e+02 9.325749e-01
2.474000e+02 9.321592e-01
2.475000e+02 9.313724e-01
2.476000e+02 9.294327e-01
2.477000e+02 9.218681e-01
2.478000e+02 9.176223e-01
2.479000e+02 9.247176e-01
2.480000e+02 9.205025e-01
2.481000e+02 8.954642e-01
2.482000e+02 8.478030e-01
2.483000e+02 9.089764e-01
2.484000e+02 9.241262e-01
2.485000e+02 9.283550e-01
2.486000e+02 9.299620e-01
2.487000e+02 9.306129e-01
2.488000e+02 9.309927e-01
2.489000e+02 9.311291e-01
2.490000e+02 9.310668e-01
2.491000e+02 9.308625e-01
2.492000e+02 9.305125e-01
2.493000e+02 9.298770e-01
2.494000e+02 9.287230e-01
2.495000e+02 9.264190e-01
2.496000e+02 9.207785e-01
2.497000e+02 9.011969e-01
2.498000e+02 8.578624e-01
2.499000e+02 8.655649e-01
2.500000e+02 8.626375e-01
2.501000e+02 9.106243e-01
2.502000e+02 9.223626e-01
2.503000e+02 9.262181e-01
2.504000e+02 9.285295e-01
2.505000e+02 9.295533e-01
2.506000e+02 9.301254e-01
2.507000e+02 9.303235e-01
2.508000e+02 9.306340e-01
2.509000e+02 9.308451e-01
2.510000e+02 9.309485e-01
2.511000e+02 9.309893e-01
2.512000e+02 9.309711e-01
2.513000e+02 9.310166e-01
2.514000e+02 9.310230e-01
2.515000e+02 9.310059e-01
2.516000e+02 9.309773e-01
2.517000e+02 9.309385e-01
2.518000e+02 9.308951e-01
2.519000e+02 9.308403e-01
2.520000e+02 9.307641e-01
2.521000e+02 9.306465e-01
2.522000e+02 9.306216e-01
2.523000e+02 9.305105e-01
2.524000e+02 9.303965e-01
2.525000e+02 9.301682e-01
2.526000e+02 9.300299e-01
2.527000e+02 9.294029e-01
2.528000e+02 9.295650e-01
2.529000e+02 9.299776e-01
2.530000e+02 9.299846e-01
2.531000e+02 9.299239e-01
2.532000e+02 9.298321e-01
2.533000e+02 9.296775e-01
2.534000e+02 9.294824e-01
2.535000e+02 9.294889e-01
2.536000e+02 9.293753e-01
2.537000e+02 9.291396e-01
2.538000e+02 9.289838e-01
2.539000e+02 9.289457e-01
2.540000e+02 9.288559e-01
2.541000e+02 9.286571e-01
2.542000e+02 9.282180e-01
2.543000e+02 9.274749e-01
2.544000e+02 9.280342e-01
2.545000e+02 9.281025e-01
2.546000e+02 9.280072e-01
2.547000e+02 9.278399e-01
2.548000e+02 9.277233e-01
2.549000e+02 9.274666e-01
2.550000e+02 9.275761e-01
2.551000e+02 9.275704e-01
2.552000e+02 9.275372e-01
2.553000e+02 9.275407e-01
2.554000e+02 9.275530e-01
2.555000e+02 9.275706e-01
2.556000e+02 9.275936e-01
2.557000e+02 9.276166e-01
2.558000e+02 9.276275e-01
2.559000e+02 9.276567e-01
2.560000e+02 9.276518e-01
2.561000e+02 9.276627e-01
2.562000e+02 9.277172e-01
2.563000e+02 9.277206e-01
2.564000e+02 9.276742e-01
2.565000e+02 9.276140e-01
2.566000e+02 9.276208e-01
2.567000e+02 9.275510e-01
2.568000e+02 9.275039e-01
2.569000e+02 9.272239e-01
2.570000e+02 9.274960e-01
2.571000e+02 9.275153e-01
2.572000e+02 9.274651e-01
2.573000e+02 9.273925e-01
2.574000e+02 9.272679e-01
2.575000e+02 9.271492e-01
2.576000e+02 9.270238e-01
2.577000e+02 9.268300e-01
2.578000e+02 9.265708e-01
2.579000e+02 9.262275e-01
2.580000e+02 9.253761e-01
2.581000e+02 9.226916e-01
2.582000e+02 9.138317e-01
2.583000e+02 9.210397e-01
2.584000e+02 9.221102e-01
2.585000e+02 9.188917e-01
2.586000e+02 9.057921e-01
2.587000e+02 8.604593e-01
2.588000e+02 8.962682e-01
2.589000e+02 9.169020e-01
2.590000e+02 9.222504e-01
2.591000e+02 9.242026e-01
2.592000e+02 9.250633e-01
2.593000e+02 9.255338e-01
2.594000e+02 9.257724e-01
2.595000e+02 9.258507e-01
2.596000e+02 9.260352e-01
2.597000e+02 9.261034e-01
2.598000e+02 9.261204e-01
2.599000e+02 9.261044e-01
2.600000e+02 9.260002e-01
2.601000e+02 9.260050e-01
2.602000e+02 9.260375e-01
2.603000e+02 9.260068e-01
2.604000e+02 9.259590e-01
2.605000e+02 9.258716e-01
2.606000e+02 9.257867e-01
2.607000e+02 9.256614e-01
2.608000e+02 9.253404e-01
2.609000e+02 9.254946e-01
2.610000e+02 9.255853e-01
2.611000e+02 9.255341e-01
2.612000e+02 9.255023e-01
2.613000e+02 9.254380e-01
2.614000e+02 9.253686e-01
2.615000e+02 9.252985e-01
2.616000e+02 9.252145e-01
2.617000e+02 9.251130e-01
2.618000e+02 9.250098e-01
2.619000e+02 9.249242e-01
2.620000e+02 9.248059e-01
2.621000e+02 9.246911e-01
2.622000e+02 9.245559e-01
2.623000e+02 9.243713e-01
2.624000e+02 9.240932e-01
2.625000e+02 9.236608e-01
2.626000e+02 9.230073e-01
2.627000e+02 9.210572e-01
2.628000e+02 9.122943e-01
2.629000e+02 9.090391e-01
2.630000e+02 9.196749e-01
2.631000e+02 9.213000e-01
2.632000e+02 9.208074e-01
2.633000e+02 9.206353e-01
2.634000e+02 9.189312e-01
2.635000e+02 9.136159e-01
2.636000e+02 8.922072e-01
2.637000e+02 8.386059e-01
2.638000e+02 8.968061e-01
2.639000e+02 9.098150e-01
2.640000e+02 9.178877e-01
2.641000e+02 9.203376e-01
2.642000e+02 9.212542e-01
2.643000e+02 9.216340e-01
2.644000e+02 9.217931e-01
2.645000e+02 9.217419e-01
2.646000e+02 9.214636e-01
2.647000e+02 9.208120e-01
2.648000e+02 9.187024e-01
2.649000e+02 9.103579e-01
2.650000e+02 9.152465e-01
2.651000e+02 9.197570e-01
2.652000e+02 9.207642e-01
2.653000e+02 9.210420e-01
2.654000e+02 9.210924e-01
2.655000e+02 9.210465e-01
2.656000e+02 9.209450e-01
2.657000e+02 9.208524e-01
2.658000e+02 9.207375e-01
2.659000e+02 9.206240e-01
2.660000e+02 9.205172e-01
2.661000e+02 9.203864e-01
2.662000e+02 9.202610e-01
2.663000e+02 9.202132e-01
2.664000e+02 9.201217e-01
2.665000e+02 9.200003e-01
2.666000e+02 9.198317e-01
2.667000e+02 9.195724e-01
2.668000e+02 9.191298e-01
2.669000e+02 9.182680e-01
2.670000e+02 9.164266e-01
2.671000e+02 9.111253e-01
2.672000e+02 8.899802e-01
2.673000e+02 8.742900e-01
2.674000e+02 9.067832e-01
2.675000e+02 9.152548e-01
2.676000e+02 9.178986e-01
2.677000e+02 9.190114e-01
2.678000e+02 9.195663e-01
2.679000e+02 9.198755e-01
2.680000e+02 9.200567e-01
2.681000e+02 9.201280e-01
2.682000e+02 9.200783e-01
2.683000e+02 9.202042e-01
2.684000e+02 9.202313e-01
2.685000e+02 9.201346e-01
2.686000e+02 9.196766e-01
2.687000e+02 9.193916e-01
2.688000e+02 9.200776e-01
2.689000e+02 9.202012e-01
2.690000e+02 9.202116e-01
2.691000e+02 9.201937e-01
2.692000e+02 9.201673e-01
2.693000e+02 9.201329e-01
2.694000e+02 9.200911e-01
2.695000e+02 9.200354e-01
2.696000e+02 9.199932e-01
2.697000e+02 9.199483e-01
2.698000e+02 9.198934e-01
2.699000e+02 9.198358e-01
2.700000e+02 9.197716e-01
2.701000e+02 9.196995e-01
2.702000e+02 9.196501e-01
2.703000e+02 9.195751e-01
2.704000e+02 9.194715e-01
2.705000e+02 9.193762e-01
2.706000e+02 9.193355e-01
2.707000e+02 9.191768e-01
2.708000e+02 9.190654e-01
2.709000e+02 9.188640e-01
2.710000e+02 9.185257e-01
2.711000e+02 9.174151e-01
2.712000e+02 9.185108e-01
2.713000e+02 9.186825e-01
2.714000e+02 9.187143e-01
2.715000e+02 9.186653e-01
2.716000e+02 9.185776e-01
2.717000e+02 9.184524e-01
2.718000e+02 9.182305e-01
2.719000e+02 9.176711e-01
2.720000e+02 9.178116e-01
2.721000e+02 9.179208e-01
2.722000e+02 9.178093e-01
2.723000e+02 9.176129e-01
2.724000e+02 9.173336e-01
2.725000e+02 9.169256e-01
2.726000e+02 9.162732e-01
2.727000e+02 9.150727e-01
2.728000e+02 9.124799e-01
2.729000e+02 9.046602e-01
2.730000e+02 8.694485e-01
2.731000e+02 8.680893e-01
2.732000e+02 9.041191e-01
2.733000e+02 9.119813e-01
2.734000e+02 9.144728e-01
2.735000e+02 9.154842e-01
2.736000e+02 9.159354e-01
2.737000e+02 9.161123e-01
2.738000e+02 9.160916e-01
2.739000e+02 9.158837e-01
2.740000e+02 9.156462e-01
2.741000e+02 9.151683e-01
2.742000e+02 9.139648e-01
2.743000e+02 9.106450e-01
2.744000e+02 8.980251e-01
2.745000e+02 8.825499e-01
2.746000e+02 9.057016e-01
2.747000e+02 9.123957e-01
2.748000e+02 9.143865e-01
2.749000e+02 9.151438e-01
2.750000e+02 9.154557e-01
2.751000e+02 9.156272e-01
2.752000e+02 9.156547e-01
2.753000e+02 9.157721e-01
2.754000e+02 9.157892e-01
2.755000e+02 9.157878e-01
2.756000e+02 9.157579e-01
2.757000e+02 9.157072e-01
2.758000e+02 9.156429e-01
2.759000e+02 9.155667e-01
2.760000e+02 9.155062e-01
2.761000e+02 9.154224e-01
2.762000e+02 9.153189e-01
2.763000e+02 9.151903e-01
2.764000e+02 9.150199e-01
2.765000e+02 9.147683e-01
2.766000e+02 9.143302e-01
2.767000e+02 9.133537e-01
2.768000e+02 9.101925e-01
2.769000e+02 8.969781e-01
2.770000e+02 9.053843e-01
2.771000e+02 9.119216e-01
2.772000e+02 9.135217e-01
2.773000e+02 9.140104e-01
2.774000e+02 9.141526e-01
2.775000e+02 9.141887e-01
2.776000e+02 9.142297e-01
2.777000e+02 9.142143e-01
2.778000e+02 9.141347e-01
2.779000e+02 9.139596e-01
2.780000e+02 9.139476e-01
2.781000e+02 9.139062e-01
2.782000e+02 9.138542e-01
2.783000e+02 9.137232e-01
2.784000e+02 9.133930e-01
2.785000e+02 9.126444e-01
2.786000e+02 9.130896e-01
2.787000e+02 9.133070e-01
2.788000e+02 9.132585e-01
2.789000e+02 9.131235e-01
2.790000e+02 9.129070e-01
2.791000e+02 9.125434e-01
2.792000e+02 9.117837e-01
2.793000e+02 9.100234e-01
2.794000e+02 9.053311e-01
2.795000e+02 8.979389e-01
2.796000e+02 9.074616e-01
2.797000e+02 9.101752e-01
2.798000e+02 9.093779e-01
2.799000e+02 9.048032e-01
2.800000e+02 9.102517e-01
2.801000e+02 9.116109e-01
2.802000e+02 9.119446e-01
2.803000e+02 9.120377e-01
2.804000e+02 9.120447e-01
2.805000e+02 9.120094e-01
2.806000e+02 9.119447e-01
2.807000e+02 9.118449e-01
2.808000e+02 9.116560e-01
2.809000e+02 9.111205e-01
2.810000e+02 9.100064e-01
2.811000e+02 9.111044e-01
2.812000e+02 9.112577e-01
2.813000e+02 9.112900e-01
2.814000e+02 9.110990e-01
2.815000e+02 9.105216e-01
2.816000e+02 9.107810e-01
2.817000e+02 9.109700e-01
2.818000e+02 9.109042e-01
2.819000e+02 9.106535e-01
2.820000e+02 9.104062e-01
2.821000e+02 9.105221e-01
2.822000e+02 9.104149e-01
2.823000e+02 9.102608e-01
2.824000e+02 9.101589e-01
2.825000e+02 9.098622e-01
2.826000e+02 9.092358e-01
2.827000e+02 9.073549e-01
2.828000e+02 8.986603e-01
2.829000e+02 9.022602e-01
2.830000e+02 9.077715e-01
2.831000e+02 9.089182e-01
2.832000e+02 9.092426e-01
2.833000e+02 9.093555e-01
2.834000e+02 9.093431e-01
2.835000e+02 9.093327e-01
2.836000e+02 9.092928e-01
2.837000e+02 9.092313e-01
2.838000e+02 9.091589e-01
2.839000e+02 9.090764e-01
2.840000e+02 9.089720e-01
2.841000e+02 9.088882e-01
2.842000e+02 9.087789e-01
2.843000e+02 9.086370e-01
2.844000e+02 9.084238e-01
2.845000e+02 9.084110e-01
2.846000e+02 9.082711e-01
2.847000e+02 9.082219e-01
2.848000e+02 9.080721e-01
2.849000e+02 9.079315e-01
2.850000e+02 9.077912e-01
2.851000e+02 9.075996e-01
2.852000e+02 9.073601e-01
2.853000e+02 9.070578e-01
2.854000e+02 9.066588e-01
2.855000e+02 9.060932e-01
2.856000e+02 9.052382e-01
2.857000e+02 9.039012e-01
2.858000e+02 9.012739e-01
2.859000e+02 8.949459e-01
2.860000e+02 8.730551e-01
2.861000e+02 8.075971e-01
2.862000e+02 8.245080e-01
2.863000e+02 8.608082e-01
2.864000e+02 8.887332e-01
2.865000e+02 8.988724e-01
2.866000e+02 9.023484e-01
2.867000e+02 9.038890e-01
2.868000e+02 9.046735e-01
2.869000e+02 9.050766e-01
2.870000e+02 9.053071e-01
2.871000e+02 9.054899e-01
2.872000e+02 9.055700e-01
2.873000e+02 9.055904e-01
2.874000e+02 9.055721e-01
2.875000e+02 9.055271e-01
2.876000e+02 9.054595e-01
2.877000e+02 9.053703e-01
2.878000e+02 9.052577e-01
2.879000e+02 9.051194e-01
2.880000e+02 9.049486e-01
2.881000e+02 9.047333e-01
2.882000e+02 9.044446e-01
2.883000e+02 9.040156e-01
2.884000e+02 9.035039e-01
2.885000e+02 9.026568e-01
2.886000e+02 9.010781e-01
2.887000e+02 8.975989e-01
2.888000e+02 8.874364e-01
2.889000e+02 8.445434e-01
2.890000e+02 8.304062e-01
2.891000e+02 8.835013e-01
2.892000e+02 8.960870e-01
2.893000e+02 9.000286e-01
2.894000e+02 9.016310e-01
2.895000e+02 9.024302e-01
2.896000e+02 9.028382e-01
2.897000e+02 9.030384e-01
2.898000e+02 9.030650e-01
2.899000e+02 9.030176e-01
2.900000e+02 9.030186e-01
2.901000e+02 9.031558e-01
2.902000e+02 9.031443e-01
2.903000e+02 9.030866e-01
2.904000e+02 9.029989e-01
2.905000e+02 9.028591e-01
2.906000e+02 9.027167e-01
2.907000e+02 9.024877e-01
2.908000e+02 9.019242e-01
2.909000e+02 8.996842e-01
2.910000e+02 8.963681e-01
2.911000e+02 9.008639e-01
2.912000e+02 9.016997e-01
2.913000e+02 9.017249e-01
2.914000e+02 9.017422e-01
2.915000e+02 9.017794e-01
2.916000e+02 9.015115e-01
2.917000e+02 9.007140e-01
2.918000e+02 9.013772e-01
2.919000e+02 9.014704e-01
2.920000e+02 9.013965e-01
2.921000e+02 9.012747e-01
2.922000e+02 9.011236e-01
2.923000e+02 9.009397e-01
2.924000e+02 9.006972e-01
2.925000e+02 9.003300e-01
2.926000e+02 9.000254e-01
2.927000e+02 8.995693e-01
2.928000e+02 8.987153e-01
2.929000e+02 8.969449e-01
2.930000e+02 8.922003e-01
2.931000e+02 8.741306e-01
2.932000e+02 8.589792e-01
2.933000e+02 8.867668e-01
2.934000e+02 8.927952e-01
2.935000e+02 8.888250e-01
2.936000e+02 8.901645e-01
2.937000e+02 8.964446e-01
2.938000e+02 8.980246e-01
2.939000e+02 8.985695e-01
2.940000e+02 8.987849e-01
2.941000e+02 8.988602e-01
2.942000e+02 8.988603e-01
2.943000e+02 8.988269e-01
2.944000e+02 8.987647e-01
2.945000e+02 8.986696e-01
2.946000e+02 8.985446e-01
2.947000e+02 8.985035e-01
2.948000e+02 8.984028e-01
2.949000e+02 8.982965e-01
2.950000e+02 8.981884e-01
2.951000e+02 8.980793e-01
2.952000e+02 8.979335e-01
2.953000e+02 8.977018e-01
2.954000e+02 8.975535e-01
2.955000e+02 8.975002e-01
2.956000e+02 8.974498e-01
2.957000e+02 8.973245e-01
2.958000e+02 8.971571e-01
2.959000e+02 8.970350e-01
2.960000e+02 8.968259e-01
2.961000e+02 8.965877e-01
2.962000e+02 8.965698e-01
2.963000e+02 8.964125e-01
2.964000e+02 8.961499e-01
2.965000e+02 8.960796e-01
2.966000e+02 8.959248e-01
2.967000e+02 8.957270e-01
2.968000e+02 8.954801e-01
2.969000e+02 8.952458e-01
2.970000e+02 8.948774e-01
2.971000e+02 8.939113e-01
2.972000e+02 8.927593e-01
2.973000e+02 8.938596e-01
2.974000e+02 8.937135e-01
2.975000e+02 8.934733e-01
2.976000e+02 8.930924e-01
2.977000e+02 8.925764e-01
2.978000e+02 8.919282e-01
2.979000e+02 8.911104e-01
2.980000e+02 8.900558e-01
2.981000e+02 8.886478e-01
2.982000e+02 8.866591e-01
2.983000e+02 8.835156e-01
2.984000e+02 8.778117e-01
2.985000e+02 8.716985e-01
2.986000e+02 8.810664e-01
2.987000e+02 8.847804e-01
2.988000e+02 8.867313e-01
2.989000e+02 8.882251e-01
2.990000e+02 8.891625e-01
2.991000e+02 8.897864e-01
2.992000e+02 8.901878e-01
2.993000e+02 8.903658e-01
2.994000e+02 8.900562e-01
2.995000e+02 8.891126e-01
2.996000e+02 8.904108e-01
2.997000e+02 8.906473e-01
2.998000e+02 8.908461e-01
2.999000e+02 8.908385e-01
3.000000e+02 8.907360e-01
3.001000e+02 8.905224e-01
3.002000e+02 8.903033e-01
3.003000e+02 8.899819e-01
3.004000e+02 8.893003e-01
3.005000e+02 8.876116e-01
3.006000e+02 8.812473e-01
3.007000e+02 8.686752e-01
3.008000e+02 8.836165e-01
3.009000e+02 8.872684e-01
3.010000e+02 8.879973e-01
3.011000e+02 8.880606e-01
3.012000e+02 8.877628e-01
3.013000e+02 8.870247e-01
3.014000e+02 8.856492e-01
3.015000e+02 8.828794e-01
3.016000e+02 8.760209e-01
3.017000e+02 8.516918e-01
3.018000e+02 7.604944e-01
3.019000e+02 8.358288e-01
3.020000e+02 8.719057e-01
3.021000e+02 8.807201e-01
3.022000e+02 8.838019e-01
3.023000e+02 8.850875e-01
3.024000e+02 8.856085e-01
3.025000e+02 8.856591e-01
3.026000e+02 8.855037e-01
3.027000e+02 8.850803e-01
3.028000e+02 8.840699e-01
3.029000e+02 8.817342e-01
3.030000e+02 8.750884e-01
3.031000e+02 8.490816e-01
3.032000e+02 8.331124e-01
3.033000e+02 8.704379e-01
3.034000e+02 8.798121e-01
3.035000e+02 8.824808e-01
3.036000e+02 8.833835e-01
3.037000e+02 8.841250e-01
3.038000e+02 8.843356e-01
3.039000e+02 8.843328e-01
3.040000e+02 8.842545e-01
3.041000e+02 8.841008e-01
3.042000e+02 8.838755e-01
3.043000e+02 8.835847e-01
3.044000e+02 8.832120e-01
3.045000e+02 8.826725e-01
3.046000e+02 8.821115e-01
3.047000e+02 8.817212e-01
3.048000e+02 8.815030e-01
3.049000e+02 8.813918e-01
3.050000e+02 8.807869e-01
3.051000e+02 8.814044e-01
3.052000e+02 8.816491e-01
3.053000e+02 8.817287e-01
3.054000e+02 8.817225e-01
3.055000e+02 8.816674e-01
3.056000e+02 8.815770e-01
3.057000e+02 8.814609e-01
3.058000e+02 8.813236e-01
3.059000e+02 8.811625e-01
3.060000e+02 8.809812e-01
3.061000e+02 8.808121e-01
3.062000e+02 8.805508e-01
3.063000e+02 8.804215e-01
3.064000e+02 8.802460e-01
3.065000e+02 8.800509e-01
3.066000e+02 8.798378e-01
3.067000e+02 8.796151e-01
3.068000e+02 8.793767e-01
3.069000e+02 8.790807e-01
3.070000e+02 8.788749e-01
3.071000e+02 8.786749e-01
3.072000e+02 8.784327e-01
3.073000e+02 8.781641e-01
3.074000e+02 8.778147e-01
3.075000e+02 8.774097e-01
3.076000e+02 8.773353e-01
3.077000e+02 8.771219e-01
3.078000e+02 8.768609e-01
3.079000e+02 8.765798e-01
3.080000e+02 8.762997e-01
3.081000e+02 8.760077e-01
3.082000e+02 8.756997e-01
3.083000e+02 8.753684e-01
3.084000e+02 8.749761e-01
3.085000e+02 8.743222e-01
3.086000e+02 8.737550e-01
3.087000e+02 8.739041e-01
3.088000e+02 8.735671e-01
3.089000e+02 8.732111e-01
3.090000e+02 8.730192e-01
3.091000e+02 8.726737e-01
3.092000e+02 8.722447e-01
3.093000e+02 8.717553e-01
3.094000e+02 8.713399e-01
3.095000e+02 8.710116e-01
3.096000e+02 8.705300e-01
3.097000e+02 8.699040e-01
3.098000e+02 8.689409e-01
3.099000e+02 8.670356e-01
3.100000e+02 8.598235e-01
3.101000e+02 8.551306e-01
3.102000e+02 8.649107e-01
3.103000e+02 8.665928e-01
3.104000e+02 8.669155e-01
3.105000e+02 8.668070e-01
3.106000e+02 8.665669e-01
3.107000e+02 8.662645e-01
3.108000e+02 8.659349e-01
3.109000e+02 8.655886e-01
3.110000e+02 8.652228e-01
3.111000e+02 8.647874e-01
3.112000e+02 8.644433e-01
3.113000e+02 8.641125e-01
3.114000e+02 8.637256e-01
3.115000e+02 8.633085e-01
3.116000e+02 8.628218e-01
3.117000e+02 8.623936e-01
3.118000e+02 8.619942e-01
3.119000e+02 8.615476e-01
3.120000e+02 8.610685e-01
3.121000e+02 8.605665e-01
3.122000e+02 8.600458e-01
3.123000e+02 8.595022e-01
3.124000e+02 8.589289e-01
3.125000e+02 8.582829e-01
3.126000e+02 8.576578e-01
3.127000e+02 8.571094e-01
3.128000e+02 8.564623e-01
3.129000e+02 8.557022e-01
3.130000e+02 8.551137e-01
3.131000e+02 8.544623e-01
3.132000e+02 8.538048e-01
3.133000e+02 8.531065e-01
3.134000e+02 8.523737e-01
3.135000e+02 8.515768e-01
3.136000e+02 8.507633e-01
3.137000e+02 8.502492e-01
3.138000e+02 8.495913e-01
3.139000e+02 8.488421e-01
3.140000e+02 8.479935e-01
3.141000e+02 8.475450e-01
3.142000e+02 8.469387e-01
3.143000e+02 8.462803e-01
3.144000e+02 8.455887e-01
3.145000e+02 8.448696e-01
3.146000e+02 8.441195e-01
3.147000e+02 8.433326e-01
3.148000e+02 8.424983e-01
3.149000e+02 8.416281e-01
3.150000e+02 8.406907e-01
3.151000e+02 8.396570e-01
3.152000e+02 8.385728e-01
3.153000e+02 8.373350e-01
3.154000e+02 8.358565e-01
3.155000e+02 8.339229e-01
3.156000e+02 8.309256e-01
3.157000e+02 8.245051e-01
3.158000e+02 8.009882e-01
3.159000e+02 7.675098e-01
3.160000e+02 8.111275e-01
3.161000e+02 8.165380e-01
3.162000e+02 8.058898e-01
3.163000e+02 7.584036e-01
3.164000e+02 7.862154e-01
3.165000e+02 8.110089e-01
3.166000e+02 8.142215e-01
3.167000e+02 8.106387e-01
3.168000e+02 8.159654e-01
3.169000e+02 8.160795e-01
3.170000e+02 8.145692e-01
3.171000e+02 8.109074e-01
3.172000e+02 8.037699e-01
3.173000e+02 8.082978e-01
3.174000e+02 8.087234e-01
3.175000e+02 8.075419e-01
3.176000e+02 8.059145e-01
3.177000e+02 8.040698e-01
3.178000e+02 8.021026e-01
3.179000e+02 8.000395e-01
3.180000e+02 7.978486e-01
3.181000e+02 7.955397e-01
3.182000e+02 7.931506e-01
3.183000e+02 7.906363e-01
3.184000e+02 7.879937e-01
3.185000e+02 7.852293e-01
3.186000e+02 7.823497e-01
3.187000e+02 7.793182e-01
3.188000e+02 7.761350e-01
3.189000e+02 7.727952e-01
3.190000e+02 7.692751e-01
3.191000e+02 7.655506e-01
3.192000e+02 7.615865e-01
3.193000e+02 7.574165e-01
3.194000e+02 7.529257e-01
3.195000e+02 7.482119e-01
3.196000e+02 7.428761e-01
3.197000e+02 7.365178e-01
3.198000e+02 7.274912e-01
3.199000e+02 7.070113e-01
3.200000e+02 6.598396e-01
3.201000e+02 6.980426e-01
3.202000e+02 7.046276e-01
3.203000e+02 7.013636e-01
3.204000e+02 6.957173e-01
3.205000e+02 6.891426e-01
3.206000e+02 6.819807e-01
3.207000e+02 6.744978e-01
3.208000e+02 6.667738e-01
3.209000e+02 6.589021e-01
3.210000e+02 6.509556e-01
3.211000e+02 6.430001e-01
3.212000e+02 6.351400e-01
3.213000e+02 6.272664e-01
3.214000e+02 6.193388e-01
3.215000e+02 6.112634e-01
3.216000e+02 6.029704e-01
3.217000e+02 5.942981e-01
3.218000e+02 5.851305e-01
3.219000e+02 5.752852e-01
3.220000e+02 5.644655e-01
3.221000e+02 5.535284e-01
3.222000e+02 5.422486e-01
3.223000e+02 5.301377e-01
3.224000e+02 5.170376e-01
3.225000e+02 5.031167e-01
3.226000e+02 4.883897e-01
3.227000e+02 4.728634e-01
3.228000e+02 4.566611e-01
3.229000e+02 4.396791e-01
3.230000e+02 4.219747e-01
3.231000e+02 4.036046e-01
3.232000e+02 3.846304e-01
3.233000e+02 3.651320e-01
3.234000e+02 3.452050e-01
3.235000e+02 3.249507e-01
3.236000e+02 3.044041e-01
3.237000e+02 2.833617e-01
3.238000e+02 2.639502e-01
3.239000e+02 2.444261e-01
3.240000e+02 2.253683e-01
3.241000e+02 2.071131e-01
3.242000e+02 1.898895e-01
3.243000e+02 1.739273e-01
3.244000e+02 1.594352e-01
3.245000e+02 1.465284e-01
3.246000e+02 1.353533e-01
3.247000e+02 1.260154e-01
3.248000e+02 1.185895e-01
3.249000e+02 1.131433e-01
3.250000e+02 1.097179e-01
3.251000e+02 1.083267e-01
3.252000e+02 1.089846e-01
3.253000e+02 1.116903e-01
3.254000e+02 1.164261e-01
3.255000e+02 1.231649e-01
3.256000e+02 1.318480e-01
3.257000e+02 1.424021e-01
3.258000e+02 1.547253e-01
3.259000e+02 1.686767e-01
3.260000e+02 1.840952e-01
3.261000e+02 2.008507e-01
3.262000e+02 2.186968e-01
3.263000e+02 2.373238e-01
3.264000e+02 2.562748e-01
3.265000e+02 2.754803e-01
3.266000e+02 2.951251e-01
3.267000e+02 3.123973e-01
3.268000e+02 3.201490e-01
3.269000e+02 3.030759e-01
3.270000e+02 3.581896e-01
3.271000e+02 3.907891e-01
3.272000e+02 4.133163e-01
3.273000e+02 4.330188e-01
3.274000e+02 4.513107e-01
3.275000e+02 4.685217e-01
3.276000e+02 4.845722e-01
3.277000e+02 4.986049e-01
3.278000e+02 5.061461e-01
3.279000e+02 5.218479e-01
3.280000e+02 5.421543e-01
3.281000e+02 5.567510e-01
3.282000e+02 5.696842e-01
3.283000e+02 5.817383e-01
3.284000e+02 5.930977e-01
3.285000e+02 6.038084e-01
3.286000e+02 6.140335e-01
3.287000e+02 6.237410e-01
3.288000e+02 6.329151e-01
3.289000e+02 6.416370e-01
3.290000e+02 6.498980e-01
3.291000e+02 6.577177e-01
3.292000e+02 6.651931e-01
3.293000e+02 6.722261e-01
3.294000e+02 6.790537e-01
3.295000e+02 6.854804e-01
3.296000e+02 6.914945e-01
3.297000e+02 6.971964e-01
3.298000e+02 7.024359e-01
3.299000e+02 7.081069e-01
3.300000e+02 7.132127e-01
3.301000e+02 7.180141e-01
3.302000e+02 7.225750e-01
3.303000e+02 7.269189e-01
3.304000e+02 7.310619e-01
3.305000e+02 7.350111e-01
3.306000e+02 7.387763e-01
3.307000e+02 7.423729e-01
3.308000e+02 7.458023e-01
3.309000e+02 7.490708e-01
3.310000e+02 7.521680e-01
3.311000e+02 7.551486e-01
3.312000e+02 7.580338e-01
3.313000e+02 7.607570e-01
3.314000e+02 7.633451e-01
3.315000e+02 7.657836e-01
3.316000e+02 7.681123e-01
3.317000e+02 7.702482e-01
3.318000e+02 7.720916e-01
3.319000e+02 7.743196e-01
3.320000e+02 7.761647e-01
3.321000e+02 7.777051e-01
3.322000e+02 7.789933e-01
3.323000e+02 7.796842e-01
3.324000e+02 7.791486e-01
3.325000e+02 7.751665e-01
3.326000e+02 7.570004e-01
3.327000e+02 7.006052e-01
3.328000e+02 7.434847e-01
3.329000e+02 7.504202e-01
3.330000e+02 7.785548e-01
3.331000e+02 7.882966e-01
3.332000e+02 7.925007e-01
3.333000e+02 7.950538e-01
3.334000e+02 7.969359e-01
3.335000e+02 7.984786e-01
3.336000e+02 7.998168e-01
3.337000e+02 8.010161e-01
3.338000e+02 8.021034e-01
3.339000e+02 8.030371e-01
3.340000e+02 8.039397e-01
3.341000e+02 8.049660e-01
3.342000e+02 8.058454e-01
3.343000e+02 8.066478e-01
3.344000e+02 8.073948e-01
3.345000e+02 8.080904e-01
3.346000e+02 8.087329e-01
3.347000e+02 8.093143e-01
3.348000e+02 8.098129e-01
3.349000e+02 8.101703e-01
3.350000e+02 8.102026e-01
3.351000e+02 8.091462e-01
3.352000e+02 8.027878e-01
3.353000e+02 7.963724e-01
3.354000e+02 8.093087e-01
3.355000e+02 8.124862e-01
3.356000e+02 8.136522e-01
3.357000e+02 8.143324e-01
3.358000e+02 8.152390e-01
3.359000e+02 8.156726e-01
3.360000e+02 8.164365e-01
3.361000e+02 8.170158e-01
3.362000e+02 8.173880e-01
3.363000e+02 8.180528e-01
3.364000e+02 8.185964e-01
3.365000e+02 8.190743e-01
3.366000e+02 8.195240e-01
3.367000e+02 8.199521e-01
3.368000e+02 8.203600e-01
3.369000e+02 8.207458e-01
3.370000e+02 8.210984e-01
3.371000e+02 8.213965e-01
3.372000e+02 8.216843e-01
3.373000e+02 8.220462e-01
3.374000e+02 8.223633e-01
3.375000e+02 8.224985e-01
3.376000e+02 8.225273e-01
3.377000e+02 8.229739e-01
3.378000e+02 8.234580e-01
3.379000e+02 8.237547e-01
3.380000e+02 8.239983e-01
3.381000e+02 8.242147e-01
3.382000e+02 8.244050e-01
3.383000e+02 8.245506e-01
3.384000e+02 8.247038e-01
3.385000e+02 8.248552e-01
3.386000e+02 8.248250e-01
3.387000e+02 8.241884e-01
3.388000e+02 8.248869e-01
3.389000e+02 8.253719e-01
3.390000e+02 8.256047e-01
3.391000e+02 8.257595e-01
3.392000e+02 8.258817e-01
3.393000e+02 8.259873e-01
3.394000e+02 8.260813e-01
3.395000e+02 8.261654e-01
3.396000e+02 8.262406e-01
3.397000e+02 8.263065e-01
3.398000e+02 8.263584e-01
3.399000e+02 8.263965e-01
3.400000e+02 8.264616e-01
3.401000e+02 8.265044e-01
3.402000e+02 8.265365e-01
3.403000e+02 8.265596e-01
3.404000e+02 8.265713e-01
3.405000e+02 8.265609e-01
3.406000e+02 8.264657e-01
3.407000e+02 8.263153e-01
3.408000e+02 8.265256e-01
3.409000e+02 8.265677e-01
3.410000e+02 8.265564e-01
3.411000e+02 8.265496e-01
3.412000e+02 8.265286e-01
3.413000e+02 8.264980e-01
3.414000e+02 8.264597e-01
3.415000e+02 8.264133e-01
3.416000e+02 8.263577e-01
3.417000e+02 8.262876e-01
3.418000e+02 8.261759e-01
3.419000e+02 8.260080e-01
3.420000e+02 8.259787e-01
3.421000e+02 8.257706e-01
3.422000e+02 8.258130e-01
3.423000e+02 8.257341e-01
3.424000e+02 8.256029e-01
3.425000e+02 8.254320e-01
3.426000e+02 8.252541e-01
3.427000e+02 8.249782e-01
3.428000e+02 8.245310e-01
3.429000e+02 8.237612e-01
3.430000e+02 8.219561e-01
3.431000e+02 8.155874e-01
3.432000e+02 7.941330e-01
3.433000e+02 8.067383e-01
3.434000e+02 8.175990e-01
3.435000e+02 8.157966e-01
3.436000e+02 8.206946e-01
3.437000e+02 8.227549e-01
3.438000e+02 8.232919e-01
3.439000e+02 8.234153e-01
3.440000e+02 8.234187e-01
3.441000e+02 8.233225e-01
3.442000e+02 8.231735e-01
3.443000e+02 8.229777e-01
3.444000e+02 8.227230e-01
3.445000e+02 8.224035e-01
3.446000e+02 8.219913e-01
3.447000e+02 8.214742e-01
3.448000e+02 8.207361e-01
3.449000e+02 8.196422e-01
3.450000e+02 8.168129e-01
3.451000e+02 8.188525e-01
3.452000e+02 8.199013e-01
3.453000e+02 8.203732e-01
3.454000e+02 8.206143e-01
3.455000e+02 8.207245e-01
3.456000e+02 8.207510e-01
3.457000e+02 8.207206e-01
3.458000e+02 8.206486e-01
3.459000e+02 8.205454e-01
3.460000e+02 8.204165e-01
3.461000e+02 8.202607e-01
3.462000e+02 8.200921e-01
3.463000e+02 8.199426e-01
3.464000e+02 8.197659e-01
3.465000e+02 8.195768e-01
3.466000e+02 8.193773e-01
3.467000e+02 8.191639e-01
3.468000e+02 8.189092e-01
3.469000e+02 8.186619e-01
3.470000e+02 8.184921e-01
3.471000e+02 8.182327e-01
3.472000e+02 8.179101e-01
3.473000e+02 8.177435e-01
3.474000e+02 8.175772e-01
3.475000e+02 8.173500e-01
3.476000e+02 8.170991e-01
3.477000e+02 8.167996e-01
3.478000e+02 8.163918e-01
3.479000e+02 8.162663e-01
3.480000e+02 8.159928e-01
3.481000e+02 8.157888e-01
3.482000e+02 8.155594e-01
3.483000e+02 8.152955e-01
3.484000e+02 8.150169e-01
3.485000e+02 8.147089e-01
3.486000e+02 8.143827e-01
3.487000e+02 8.141523e-01
3.488000e+02 8.138558e-01
3.489000e+02 8.135509e-01
3.490000e+02 8.131644e-01
3.491000e+02 8.129402e-01
3.492000e+02 8.126416e-01
3.493000e+02 8.123031e-01
3.494000e+02 8.119076e-01
3.495000e+02 8.113071e-01
3.496000e+02 8.106338e-01
3.497000e+02 8.085382e-01
3.498000e+02 8.086431e-01
3.499000e+02 8.098474e-01
3.500000e+02 8.098451e-01
3.501000e+02 8.096437e-01
3.502000e+02 8.093501e-01
3.503000e+02 8.090228e-01
3.504000e+02 8.086842e-01
3.505000e+02 8.083289e-01
3.506000e+02 8.079605e-01
3.507000e+02 8.075805e-01
3.508000e+02 8.071865e-01
3.509000e+02 8.067729e-01
3.510000e+02 8.063656e-01
3.511000e+02 8.059346e-01
3.512000e+02 8.054784e-01
3.513000e+02 8.049880e-01
3.514000e+02 8.044386e-01
3.515000e+02 8.038240e-01
3.516000e+02 8.032130e-01
3.517000e+02 8.024264e-01
3.518000e+02 8.013788e-01
3.519000e+02 7.997960e-01
3.520000e+02 7.972509e-01
3.521000e+02 7.919931e-01
3.522000e+02 7.758397e-01
3.523000e+02 7.134067e-01
3.524000e+02 7.498599e-01
3.525000e+02 7.747986e-01
3.526000e+02 7.650957e-01
3.527000e+02 7.728813e-01
3.528000e+02 7.346502e-01
3.529000e+02 7.725147e-01
3.530000e+02 7.894604e-01
3.531000e+02 7.933848e-01
3.532000e+02 7.942302e-01
3.533000e+02 7.939978e-01
3.534000e+02 7.949134e-01
3.535000e+02 7.949272e-01
3.536000e+02 7.947526e-01
3.537000e+02 7.943876e-01
3.538000e+02 7.940704e-01
3.539000e+02 7.936550e-01
3.540000e+02 7.932126e-01
3.541000e+02 7.926964e-01
3.542000e+02 7.921662e-01
3.543000e+02 7.915916e-01
3.544000e+02 7.908930e-01
3.545000e+02 7.900381e-01
3.546000e+02 7.891108e-01
3.547000e+02 7.876209e-01
3.548000e+02 7.846710e-01
3.549000e+02 7.759480e-01
3.550000e+02 7.481968e-01
3.551000e+02 7.679012e-01
3.552000e+02 7.806009e-01
3.553000e+02 7.836253e-01
3.554000e+02 7.843210e-01
3.555000e+02 7.843316e-01
3.556000e+02 7.840648e-01
3.557000e+02 7.836008e-01
3.558000e+02 7.829803e-01
3.559000e+02 7.823098e-01
3.560000e+02 7.814729e-01
3.561000e+02 7.803088e-01
3.562000e+02 7.801891e-01
3.563000e+02 7.794395e-01
3.564000e+02 7.771683e-01
3.565000e+02 7.778082e-01
3.566000e+02 7.777479e-01
3.567000e+02 7.772361e-01
3.568000e+02 7.766403e-01
3.569000e+02 7.758583e-01
3.570000e+02 7.749505e-01
3.571000e+02 7.738729e-01
3.572000e+02 7.724810e-01
3.573000e+02 7.703882e-01
3.574000e+02 7.666462e-01
3.575000e+02 7.557536e-01
3.576000e+02 7.101175e-01
3.577000e+02 7.355140e-01
3.578000e+02 7.583842e-01
3.579000e+02 7.619050e-01
3.580000e+02 7.598846e-01
3.581000e+02 7.481993e-01
3.582000e+02 7.097758e-01
3.583000e+02 7.456727e-01
3.584000e+02 7.554215e-01
3.585000e+02 7.552181e-01
3.586000e+02 7.500363e-01
3.587000e+02 7.325728e-01
3.588000e+02 6.578111e-01
3.589000e+02 6.444504e-01
3.590000e+02 7.281743e-01
3.591000e+02 7.458705e-01
3.592000e+02 7.505606e-01
3.593000e+02 7.513094e-01
3.594000e+02 7.494972e-01
3.595000e+02 7.422825e-01
3.596000e+02 7.088295e-01
3.597000e+02 7.097066e-01
3.598000e+02 7.407616e-01
3.599000e+02 7.463770e-01
3.600000e+02 7.477021e-01
3.601000e+02 7.480781e-01
3.602000e+02 7.476873e-01
3.603000e+02 7.470197e-01
3.604000e+02 7.462264e-01
3.605000e+02 7.453064e-01
3.606000e+02 7.442990e-01
3.607000e+02 7.432851e-01
3.608000e+02 7.421722e-01
3.609000e+02 7.409772e-01
3.610000e+02 7.398864e-01
3.611000e+02 7.386538e-01
3.612000e+02 7.373460e-01
3.613000e+02 7.359048e-01
3.614000e+02 7.341406e-01
3.615000e+02 7.312079e-01
3.616000e+02 7.224347e-01
3.617000e+02 7.138127e-01
3.618000e+02 7.255289e-01
3.619000e+02 7.271741e-01
3.620000e+02 7.266897e-01
3.621000e+02 7.256003e-01
3.622000e+02 7.241961e-01
3.623000e+02 7.226915e-01
3.624000e+02 7.214674e-01
3.625000e+02 7.199816e-01
3.626000e+02 7.181814e-01
3.627000e+02 7.167419e-01
3.628000e+02 7.150858e-01
3.629000e+02 7.132067e-01
3.630000e+02 7.112957e-01
3.631000e+02 7.088773e-01
3.632000e+02 7.062217e-01
3.633000e+02 7.012033e-01
3.634000e+02 6.848815e-01
3.635000e+02 6.691005e-01
3.636000e+02 6.905824e-01
3.637000e+02 6.936200e-01
3.638000e+02 6.939276e-01
3.639000e+02 6.923809e-01
3.640000e+02 6.895217e-01
3.641000e+02 6.851906e-01
3.642000e+02 6.774566e-01
3.643000e+02 6.575414e-01
3.644000e+02 5.801041e-01
3.645000e+02 5.851042e-01
3.646000e+02 6.526984e-01
3.647000e+02 6.665470e-01
3.648000e+02 6.693194e-01
3.649000e+02 6.689755e-01
3.650000e+02 6.674039e-01
3.651000e+02 6.652037e-01
3.652000e+02 6.625855e-01
3.653000e+02 6.595583e-01
3.654000e+02 6.566286e-01
3.655000e+02 6.534069e-01
3.656000e+02 6.498992e-01
3.657000e+02 6.460897e-01
3.658000e+02 6.416750e-01
3.659000e+02 6.376804e-01
3.660000e+02 6.334358e-01
3.661000e+02 6.286162e-01
3.662000e+02 6.233199e-01
3.663000e+02 6.175048e-01
3.664000e+02 6.108786e-01
3.665000e+02 6.028502e-01
3.666000e+02 5.912419e-01
3.667000e+02 5.639140e-01
3.668000e+02 5.259294e-01
3.669000e+02 5.592030e-01
3.670000e+02 5.584634e-01
3.671000e+02 5.494004e-01
3.672000e+02 5.370412e-01
3.673000e+02 5.220435e-01
3.674000e+02 5.046553e-01
3.675000e+02 4.844134e-01
3.676000e+02 4.604536e-01
3.677000e+02 4.322110e-01
3.678000e+02 3.990077e-01
3.679000e+02 3.597578e-01
3.680000e+02 3.138566e-01
3.681000e+02 2.606975e-01
3.682000e+02 2.005538e-01
3.683000e+02 1.348458e-01
3.684000e+02 6.715100e-02
3.685000e+02 9.960412e-03
3.686000e+02 6.866095e-02
3.687000e+02 1.341062e-01
3.688000e+02 1.951744e-01
3.689000e+02 2.478265e-01
3.690000e+02 2.943447e-01
3.691000e+02 3.355880e-01
3.692000e+02 3.680335e-01
3.693000e+02 3.939792e-01
3.694000e+02 4.146617e-01
3.695000e+02 4.309929e-01
3.696000e+02 4.437700e-01
3.697000e+02 4.536507e-01
3.698000e+02 4.611442e-01
3.699000e+02 4.666488e-01
3.700000e+02 4.703675e-01
3.701000e+02 4.729579e-01
3.702000e+02 4.745974e-01
3.703000e+02 4.750953e-01
3.704000e+02 4.747059e-01
3.705000e+02 4.735283e-01
3.706000e+02 4.715694e-01
3.707000e+02 4.686886e-01
3.708000e+02 4.642694e-01
3.709000e+02 4.547868e-01
3.710000e+02 4.225291e-01
3.711000e+02 4.389531e-01
3.712000e+02 4.483636e-01
3.713000e+02 4.471217e-01
3.714000e+02 4.435920e-01
3.715000e+02 4.392241e-01
3.716000e+02 4.343926e-01
3.717000e+02 4.292103e-01
3.718000e+02 4.237557e-01
3.719000e+02 4.180620e-01
3.720000e+02 4.121282e-01
3.721000e+02 4.060312e-01
3.722000e+02 3.997096e-01
3.723000e+02 3.932011e-01
3.724000e+02 3.864989e-01
3.725000e+02 3.795943e-01
3.726000e+02 3.725087e-01
3.727000e+02 3.652395e-01
3.728000e+02 3.578655e-01
3.729000e+02 3.501944e-01
3.730000e+02 3.421851e-01
3.731000e+02 3.346430e-01
3.732000e+02 3.266619e-01
3.733000e+02 3.185718e-01
3.734000e+02 3.102843e-01
3.735000e+02 3.018149e-01
3.736000e+02 2.932472e-01
3.737000e+02 2.845332e-01
3.738000e+02 2.756875e-01
3.739000e+02 2.667134e-01
3.740000e+02 2.576446e-01
3.741000e+02 2.484537e-01
3.742000e+02 2.391691e-01
3.743000e+02 2.297522e-01
3.744000e+02 2.203737e-01
3.745000e+02 2.109224e-01
3.746000e+02 2.013556e-01
3.747000e+02 1.917072e-01
3.748000e+02 1.819173e-01
3.749000e+02 1.718239e-01
3.750000e+02 1.607819e-01
3.751000e+02 1.451573e-01
3.752000e+02 1.278543e-01
3.753000e+02 1.311713e-01
3.754000e+02 1.250480e-01
3.755000e+02 1.168894e-01
3.756000e+02 1.083989e-01
3.757000e+02 9.992376e-02
3.758000e+02 9.156573e-02
3.759000e+02 8.329763e-02
3.760000e+02 7.516609e-02
3.761000e+02 6.764085e-02
3.762000e+02 5.903554e-02
3.763000e+02 5.293177e-02
3.764000e+02 4.753354e-02
3.765000e+02 4.170597e-02
3.766000e+02 3.616109e-02
3.767000e+02 3.101747e-02
3.768000e+02 2.631265e-02
3.769000e+02 2.205548e-02
3.770000e+02 1.824865e-02
3.771000e+02 1.489026e-02
3.772000e+02 1.196492e-02
3.773000e+02 9.455073e-03
3.774000e+02 7.336873e-03
3.775000e+02 5.581044e-03
3.776000e+02 4.155082e-03
3.777000e+02 3.020906e-03
3.778000e+02 2.139924e-03
3.779000e+02 1.473231e-03
3.780000e+02 9.827228e-04
3.781000e+02 6.305804e-04
3.782000e+02 3.787879e-04
3.783000e+02 2.118588e-04
3.784000e+02 1.349556e-04
3.785000e+02 7.630803e-05
3.786000e+02 4.047359e-05
3.787000e+02 2.019504e-05
3.788000e+02 1.001225e-05
3.789000e+02 4.676297e-06
3.790000e+02 2.084134e-06
3.791000e+02 8.940568e-07
3.792000e+02 3.723534e-07
3.793000e+02 1.522944e-07
3.794000e+02 6.211428e-08
3.795000e+02 2.576402e-08
3.796000e+02 1.113264e-08
3.797000e+02 5.153115e-09
3.798000e+02 2.635388e-09
3.799000e+02 1.537299e-09
3.800000e+02 1.052728e-09
3.801000e+02 8.659140e-10
3.802000e+02 8.666007e-10
3.803000e+02 1.055648e-09
3.804000e+02 1.545999e-09
3.805000e+02 2.660532e-09
3.806000e+02 5.223507e-09
3.807000e+02 1.132957e-08
3.808000e+02 2.630854e-08
3.809000e+02 6.356492e-08
3.810000e+02 1.559813e-07
3.811000e+02 3.812015e-07
3.812000e+02 9.139541e-07
3.813000e+02 2.126176e-06
3.814000e+02 4.763263e-06
3.815000e+02 1.022802e-05
3.816000e+02 2.099886e-05
3.817000e+02 4.118734e-05
3.818000e+02 7.721024e-05
3.819000e+02 1.385068e-04
3.820000e+02 2.381338e-04
3.821000e+02 3.932296e-04
3.822000e+02 6.265130e-04
3.823000e+02 9.652072e-04
3.824000e+02 1.438232e-03
3.825000e+02 2.079685e-03
3.826000e+02 2.925376e-03
3.827000e+02 4.011629e-03
3.828000e+02 5.374641e-03
3.829000e+02 7.051822e-03
3.830000e+02 9.070945e-03
3.831000e+02 1.145977e-02
3.832000e+02 1.423920e-02
3.833000e+02 1.742398e-02
3.834000e+02 2.104040e-02
3.835000e+02 2.508553e-02
3.836000e+02 2.955513e-02
3.837000e+02 3.444590e-02
3.838000e+02 3.974790e-02
3.839000e+02 4.545098e-02
3.840000e+02 5.153744e-02
3.841000e+02 5.798394e-02
3.842000e+02 6.476845e-02
3.843000e+02 7.186666e-02
3.844000e+02 7.924975e-02
3.845000e+02 8.688134e-02
3.846000e+02 9.467217e-02
3.847000e+02 1.027766e-01
3.848000e+02 1.111139e-01
3.849000e+02 1.195627e-01
3.850000e+02 1.281418e-01
3.851000e+02 1.368093e-01
3.852000e+02 1.455571e-01
3.853000e+02 1.543300e-01
3.854000e+02 1.632615e-01
3.855000e+02 1.721849e-01
3.856000e+02 1.811024e-01
3.857000e+02 1.900196e-01
3.858000e+02 1.989569e-01
3.859000e+02 2.078666e-01
3.860000e+02 2.167437e-01
3.861000e+02 2.255600e-01
3.862000e+02 2.343200e-01
3.863000e+02 2.429598e-01
3.864000e+02 2.515872e-01
3.865000e+02 2.600602e-01
3.866000e+02 2.683740e-01
3.867000e+02 2.765650e-01
3.868000e+02 2.843759e-01
3.869000e+02 2.917064e-01
3.870000e+02 2.968379e-01
3.871000e+02 2.961361e-01
3.872000e+02 3.044135e-01
3.873000e+02 3.021797e-01
3.874000e+02 3.244599e-01
3.875000e+02 3.364105e-01
3.876000e+02 3.450745e-01
3.877000e+02 3.527000e-01
3.878000e+02 3.598589e-01
3.879000e+02 3.667157e-01
3.880000e+02 3.733202e-01
3.881000e+02 3.798752e-01
3.882000e+02 3.861810e-01
3.883000e+02 3.922992e-01
3.884000e+02 3.982421e-01
3.885000e+02 4.040103e-01
3.886000e+02 4.096041e-01
3.887000e+02 4.150212e-01
3.888000e+02 4.202404e-01
3.889000e+02 4.251638e-01
3.890000e+02 4.301422e-01
3.891000e+02 4.349349e-01
3.892000e+02 4.394744e-01
3.893000e+02 4.437968e-01
3.894000e+02 4.479908e-01
3.895000e+02 4.520602e-01
3.896000e+02 4.559295e-01
3.897000e+02 4.596696e-01
3.898000e+02 4.632943e-01
3.899000e+02 4.668253e-01
3.900000e+02 4.702855e-01
3.901000e+02 4.737867e-01
3.902000e+02 4.773491e-01
3.903000e+02 4.809438e-01
3.904000e+02 4.846655e-01
3.905000e+02 4.884516e-01
3.906000e+02 4.924242e-01
3.907000e+02 4.965677e-01
3.908000e+02 5.007834e-01
3.909000e+02 5.050768e-01
3.910000e+02 5.094327e-01
3.911000e+02 5.138034e-01
3.912000e+02 5.181181e-01
3.913000e+02 5.222502e-01
3.914000e+02 5.266328e-01
3.915000e+02 5.307733e-01
3.916000e+02 5.351275e-01
3.917000e+02 5.391763e-01
3.918000e+02 5.429825e-01
3.919000e+02 5.463915e-01
3.920000e+02 5.501751e-01
3.921000e+02 5.536178e-01
3.922000e+02 5.565858e-01
3.923000e+02 5.587937e-01
3.924000e+02 5.591965e-01
3.925000e+02 5.535292e-01
3.926000e+02 5.156014e-01
3.927000e+02 5.132337e-01
3.928000e+02 5.612807e-01
3.929000e+02 5.741844e-01
3.930000e+02 5.801806e-01
3.931000e+02 5.842519e-01
3.932000e+02 5.875614e-01
3.933000e+02 5.906175e-01
3.934000e+02 5.934142e-01
3.935000e+02 5.961223e-01
3.936000e+02 5.986924e-01
3.937000e+02 6.011383e-01
3.938000e+02 6.034907e-01
3.939000e+02 6.057393e-01
3.940000e+02 6.079101e-01
3.941000e+02 6.099847e-01
3.942000e+02 6.121552e-01
3.943000e+02 6.142580e-01
3.944000e+02 6.162525e-01
3.945000e+02 6.181609e-01
3.946000e+02 6.199891e-01
3.947000e+02 6.216940e-01
3.948000e+02 6.231618e-01
3.949000e+02 6.239124e-01
3.950000e+02 6.208557e-01
3.951000e+02 6.194521e-01
3.952000e+02 6.283576e-01
3.953000e+02 6.314430e-01
3.954000e+02 6.334201e-01
3.955000e+02 6.351577e-01
3.956000e+02 6.367403e-01
3.957000e+02 6.382220e-01
3.958000e+02 6.396211e-01
3.959000e+02 6.409303e-01
3.960000e+02 6.421185e-01
3.961000e+02 6.431076e-01
3.962000e+02 6.436875e-01
3.963000e+02 6.431610e-01
3.964000e+02 6.382157e-01
3.965000e+02 6.100424e-01
3.966000e+02 6.280215e-01
3.967000e+02 6.448219e-01
3.968000e+02 6.486856e-01
3.969000e+02 6.479690e-01
3.970000e+02 6.334368e-01
3.971000e+02 6.451602e-01
3.972000e+02 6.541986e-01
3.973000e+02 6.570351e-01
3.974000e+02 6.587055e-01
3.975000e+02 6.600439e-01
3.976000e+02 6.612055e-01
3.977000e+02 6.622797e-01
3.978000e+02 6.632840e-01
3.979000e+02 6.642169e-01
3.980000e+02 6.651753e-01
3.981000e+02 6.661201e-01
3.982000e+02 6.670091e-01
3.983000e+02 6.678642e-01
3.984000e+02 6.686908e-01
3.985000e+02 6.694904e-01
3.986000e+02 6.702626e-01
3.987000e+02 6.710059e-01
3.988000e+02 6.717169e-01
3.989000e+02 6.723890e-01
3.990000e+02 6.730025e-01
3.991000e+02 6.734833e-01
3.992000e+02 6.734005e-01
3.993000e+02 6.737619e-01
3.994000e+02 6.748499e-01
3.995000e+02 6.752218e-01
3.996000e+02 6.755445e-01
3.997000e+02 6.752730e-01
3.998000e+02 6.740006e-01
3.999000e+02 6.694540e-01
4.000000e+02 6.502891e-01
